<?xml version="1.0" encoding="UTF-8"?>
<testsuites name="Change Password" time="395.544" tests="19" failures="0" errors="19">
   <testsuite name="Change Password" tests="19" failures="0" errors="19" time="395.544" skipped="0" timestamp="2022-10-07 22:58:08" hostname="nhu.tqnguyen - 192.168.1.8" id="Test Suites/Change Password">
      <properties>
[...]
</properties>
      <testcase name="Test Cases/MyAdmin/Profile/KO-3214 Verify change password successfully" time="2.084" classname="Test Cases/MyAdmin/Profile/KO-3214 Verify change password successfully" status="ERROR">
         <error type="ERROR" message="Test Cases/MyAdmin/Profile/KO-3214 Verify change password successfully FAILED.
Reason:
org.codehaus.groovy.control.MultipleCompilationErrorsException: startup failed:
file:/Users/nhu.tqnguyen/Documents/QUALITY%20ENGINEERING%20-%20SOURCE/LastCode_QE%20Automation/katalon-platform-qengineer-automation/Scripts/MyAdmin/Profile/KO-3214%20Verify%20change%20password%20successfully/Script1665054504862.groovy: 17: unable to resolve class katalon.common.ProfilePage
 @ line 17, column 1.
   import katalon.common.ProfilePage
   ^

1 error

	at com.kms.katalon.core.main.ScriptEngine.getScript(ScriptEngine.java:199)
	at com.kms.katalon.core.main.ScriptEngine.run(ScriptEngine.java:194)
	at com.kms.katalon.core.main.ScriptEngine.runScriptAsRawText(ScriptEngine.java:119)
	at com.kms.katalon.core.main.TestCaseExecutor.runScript(TestCaseExecutor.java:448)
	at com.kms.katalon.core.main.TestCaseExecutor.doExecute(TestCaseExecutor.java:439)
	at com.kms.katalon.core.main.TestCaseExecutor.processExecutionPhase(TestCaseExecutor.java:418)
	at com.kms.katalon.core.main.TestCaseExecutor.accessMainPhase(TestCaseExecutor.java:410)
	at com.kms.katalon.core.main.TestCaseExecutor.execute(TestCaseExecutor.java:285)
	at com.kms.katalon.core.main.TestCaseExecutor.execute(TestCaseExecutor.java:369)
	at com.kms.katalon.core.main.TestCaseExecutor.execute(TestCaseExecutor.java:369)
	at com.kms.katalon.core.main.TestCaseExecutor.execute(TestCaseExecutor.java:369)
	at com.kms.katalon.core.common.CommonExecutor.accessTestCaseMainPhase(CommonExecutor.java:65)
	at com.kms.katalon.core.main.TestSuiteExecutor.accessTestSuiteMainPhase(TestSuiteExecutor.java:151)
	at com.kms.katalon.core.main.TestSuiteExecutor.execute(TestSuiteExecutor.java:106)
	at com.kms.katalon.core.main.TestCaseMain.startTestSuite(TestCaseMain.java:185)
	at com.kms.katalon.core.main.TestCaseMain$startTestSuite$0.call(Unknown Source)
	at TempTestSuite1665158278242.run(TempTestSuite1665158278242.groovy:36)
"/>
         <system-out><![CDATA[2022-10-07 22:58:17 - [TEST_CASE][ERROR] - Test Cases/MyAdmin/Profile/KO-3214 Verify change password successfully: Test Cases/MyAdmin/Profile/KO-3214 Verify change password successfully FAILED.
Reason:
org.codehaus.groovy.control.MultipleCompilationErrorsException: startup failed:
file:/Users/nhu.tqnguyen/Documents/QUALITY%20ENGINEERING%20-%20SOURCE/LastCode_QE%20Automation/katalon-platform-qengineer-automation/Scripts/MyAdmin/Profile/KO-3214%20Verify%20change%20password%20successfully/Script1665054504862.groovy: 17: unable to resolve class katalon.common.ProfilePage
 @ line 17, column 1.
   import katalon.common.ProfilePage
   ^

1 error

	at com.kms.katalon.core.main.ScriptEngine.getScript(ScriptEngine.java:199)
	at com.kms.katalon.core.main.ScriptEngine.run(ScriptEngine.java:194)
	at com.kms.katalon.core.main.ScriptEngine.runScriptAsRawText(ScriptEngine.java:119)
	at com.kms.katalon.core.main.TestCaseExecutor.runScript(TestCaseExecutor.java:448)
	at com.kms.katalon.core.main.TestCaseExecutor.doExecute(TestCaseExecutor.java:439)
	at com.kms.katalon.core.main.TestCaseExecutor.processExecutionPhase(TestCaseExecutor.java:418)
	at com.kms.katalon.core.main.TestCaseExecutor.accessMainPhase(TestCaseExecutor.java:410)
	at com.kms.katalon.core.main.TestCaseExecutor.execute(TestCaseExecutor.java:285)
	at com.kms.katalon.core.main.TestCaseExecutor.execute(TestCaseExecutor.java:369)
	at com.kms.katalon.core.main.TestCaseExecutor.execute(TestCaseExecutor.java:369)
	at com.kms.katalon.core.main.TestCaseExecutor.execute(TestCaseExecutor.java:369)
	at com.kms.katalon.core.common.CommonExecutor.accessTestCaseMainPhase(CommonExecutor.java:65)
	at com.kms.katalon.core.main.TestSuiteExecutor.accessTestSuiteMainPhase(TestSuiteExecutor.java:151)
	at com.kms.katalon.core.main.TestSuiteExecutor.execute(TestSuiteExecutor.java:106)
	at com.kms.katalon.core.main.TestCaseMain.startTestSuite(TestCaseMain.java:185)
	at com.kms.katalon.core.main.TestCaseMain$startTestSuite$0.call(Unknown Source)
	at TempTestSuite1665158278242.run(TempTestSuite1665158278242.groovy:36)


2022-10-07 22:58:17 - [TEST_STEP][PASSED] - Start listener action : sampleBeforeTestCase: Current window maximized

2022-10-07 22:58:17 - [TEST_STEP][PASSED] - openBrowser(null): Browser is opened with url: 'null'

2022-10-07 22:58:17 - [MESSAGE][INFO] - Starting 'Chrome' driver

2022-10-07 22:58:17 - [MESSAGE][INFO] - Action delay is set to 0 milliseconds

2022-10-07 22:58:19 - [MESSAGE][PASSED] - Browser is opened with url: 'null'

2022-10-07 22:58:19 - [TEST_STEP][PASSED] - maximizeWindow(): Current window maximized

2022-10-07 22:58:19 - [MESSAGE][PASSED] - Current window maximized

2022-10-07 22:58:19 - [TEST_STEP][PASSED] - Start listener action : sampleAfterTestCase: Browser is closed

2022-10-07 22:58:19 - [TEST_STEP][PASSED] - if (!(getTestCaseStatus().equalsIgnoreCase("PASSED"))): Browser is closed

2022-10-07 22:58:19 - [TEST_STEP][PASSED] - takeScreenshot(): Taking screenshot successfully

2022-10-07 22:58:19 - [MESSAGE][PASSED] - Taking screenshot successfully
[[ATTACHMENT|/Users/nhu.tqnguyen/Documents/QUALITY ENGINEERING - SOURCE/LastCode_QE Automation/katalon-platform-qengineer-automation/Reports/20221007_225758/Change Password/20221007_225758/1665158299537.png]]

2022-10-07 22:58:19 - [TEST_STEP][PASSED] - closeBrowser(): Browser is closed

2022-10-07 22:58:19 - [MESSAGE][PASSED] - Browser is closed

2022-10-07 22:58:19 - [TEST_STEP][PASSED] - closeBrowser(): Browser is closed

2022-10-07 22:58:19 - [MESSAGE][PASSED] - Browser is closed]]></system-out>
         <system-err><![CDATA[2022-10-07 22:58:17 - [TEST_CASE][ERROR] - Test Cases/MyAdmin/Profile/KO-3214 Verify change password successfully: Test Cases/MyAdmin/Profile/KO-3214 Verify change password successfully FAILED.
Reason:
org.codehaus.groovy.control.MultipleCompilationErrorsException: startup failed:
file:/Users/nhu.tqnguyen/Documents/QUALITY%20ENGINEERING%20-%20SOURCE/LastCode_QE%20Automation/katalon-platform-qengineer-automation/Scripts/MyAdmin/Profile/KO-3214%20Verify%20change%20password%20successfully/Script1665054504862.groovy: 17: unable to resolve class katalon.common.ProfilePage
 @ line 17, column 1.
   import katalon.common.ProfilePage
   ^

1 error

	at com.kms.katalon.core.main.ScriptEngine.getScript(ScriptEngine.java:199)
	at com.kms.katalon.core.main.ScriptEngine.run(ScriptEngine.java:194)
	at com.kms.katalon.core.main.ScriptEngine.runScriptAsRawText(ScriptEngine.java:119)
	at com.kms.katalon.core.main.TestCaseExecutor.runScript(TestCaseExecutor.java:448)
	at com.kms.katalon.core.main.TestCaseExecutor.doExecute(TestCaseExecutor.java:439)
	at com.kms.katalon.core.main.TestCaseExecutor.processExecutionPhase(TestCaseExecutor.java:418)
	at com.kms.katalon.core.main.TestCaseExecutor.accessMainPhase(TestCaseExecutor.java:410)
	at com.kms.katalon.core.main.TestCaseExecutor.execute(TestCaseExecutor.java:285)
	at com.kms.katalon.core.main.TestCaseExecutor.execute(TestCaseExecutor.java:369)
	at com.kms.katalon.core.main.TestCaseExecutor.execute(TestCaseExecutor.java:369)
	at com.kms.katalon.core.main.TestCaseExecutor.execute(TestCaseExecutor.java:369)
	at com.kms.katalon.core.common.CommonExecutor.accessTestCaseMainPhase(CommonExecutor.java:65)
	at com.kms.katalon.core.main.TestSuiteExecutor.accessTestSuiteMainPhase(TestSuiteExecutor.java:151)
	at com.kms.katalon.core.main.TestSuiteExecutor.execute(TestSuiteExecutor.java:106)
	at com.kms.katalon.core.main.TestCaseMain.startTestSuite(TestCaseMain.java:185)
	at com.kms.katalon.core.main.TestCaseMain$startTestSuite$0.call(Unknown Source)
	at TempTestSuite1665158278242.run(TempTestSuite1665158278242.groovy:36)]]></system-err>
      </testcase>
      <testcase name="Test Cases/MyAdmin/Profile/KO-3215 Verify change password failed" time="2.003" classname="Test Cases/MyAdmin/Profile/KO-3215 Verify change password failed" status="ERROR">
         <error type="ERROR" message="Test Cases/MyAdmin/Profile/KO-3215 Verify change password failed FAILED.
Reason:
org.codehaus.groovy.control.MultipleCompilationErrorsException: startup failed:
file:/Users/nhu.tqnguyen/Documents/QUALITY%20ENGINEERING%20-%20SOURCE/LastCode_QE%20Automation/katalon-platform-qengineer-automation/Scripts/MyAdmin/Profile/KO-3215%20Verify%20change%20password%20failed/Script1664699021746.groovy: 18: unable to resolve class katalon.common.ChangePasswordPopup
 @ line 18, column 1.
   import katalon.common.ChangePasswordPopup
   ^

file:/Users/nhu.tqnguyen/Documents/QUALITY%20ENGINEERING%20-%20SOURCE/LastCode_QE%20Automation/katalon-platform-qengineer-automation/Scripts/MyAdmin/Profile/KO-3215%20Verify%20change%20password%20failed/Script1664699021746.groovy: 17: unable to resolve class katalon.common.ProfilePage
 @ line 17, column 1.
   import katalon.common.ProfilePage
   ^

2 errors

	at com.kms.katalon.core.main.ScriptEngine.getScript(ScriptEngine.java:199)
	at com.kms.katalon.core.main.ScriptEngine.run(ScriptEngine.java:194)
	at com.kms.katalon.core.main.ScriptEngine.runScriptAsRawText(ScriptEngine.java:119)
	at com.kms.katalon.core.main.TestCaseExecutor.runScript(TestCaseExecutor.java:448)
	at com.kms.katalon.core.main.TestCaseExecutor.doExecute(TestCaseExecutor.java:439)
	at com.kms.katalon.core.main.TestCaseExecutor.processExecutionPhase(TestCaseExecutor.java:418)
	at com.kms.katalon.core.main.TestCaseExecutor.accessMainPhase(TestCaseExecutor.java:410)
	at com.kms.katalon.core.main.TestCaseExecutor.execute(TestCaseExecutor.java:285)
	at com.kms.katalon.core.main.TestCaseExecutor.execute(TestCaseExecutor.java:369)
	at com.kms.katalon.core.main.TestCaseExecutor.execute(TestCaseExecutor.java:369)
	at com.kms.katalon.core.main.TestCaseExecutor.execute(TestCaseExecutor.java:369)
	at com.kms.katalon.core.common.CommonExecutor.accessTestCaseMainPhase(CommonExecutor.java:65)
	at com.kms.katalon.core.main.TestSuiteExecutor.accessTestSuiteMainPhase(TestSuiteExecutor.java:151)
	at com.kms.katalon.core.main.TestSuiteExecutor.execute(TestSuiteExecutor.java:106)
	at com.kms.katalon.core.main.TestCaseMain.startTestSuite(TestCaseMain.java:185)
	at com.kms.katalon.core.main.TestCaseMain$startTestSuite$0.call(Unknown Source)
	at TempTestSuite1665158278242.run(TempTestSuite1665158278242.groovy:36)
"/>
         <system-out><![CDATA[2022-10-07 22:58:26 - [TEST_CASE][ERROR] - Test Cases/MyAdmin/Profile/KO-3215 Verify change password failed: Test Cases/MyAdmin/Profile/KO-3215 Verify change password failed FAILED.
Reason:
org.codehaus.groovy.control.MultipleCompilationErrorsException: startup failed:
file:/Users/nhu.tqnguyen/Documents/QUALITY%20ENGINEERING%20-%20SOURCE/LastCode_QE%20Automation/katalon-platform-qengineer-automation/Scripts/MyAdmin/Profile/KO-3215%20Verify%20change%20password%20failed/Script1664699021746.groovy: 18: unable to resolve class katalon.common.ChangePasswordPopup
 @ line 18, column 1.
   import katalon.common.ChangePasswordPopup
   ^

file:/Users/nhu.tqnguyen/Documents/QUALITY%20ENGINEERING%20-%20SOURCE/LastCode_QE%20Automation/katalon-platform-qengineer-automation/Scripts/MyAdmin/Profile/KO-3215%20Verify%20change%20password%20failed/Script1664699021746.groovy: 17: unable to resolve class katalon.common.ProfilePage
 @ line 17, column 1.
   import katalon.common.ProfilePage
   ^

2 errors

	at com.kms.katalon.core.main.ScriptEngine.getScript(ScriptEngine.java:199)
	at com.kms.katalon.core.main.ScriptEngine.run(ScriptEngine.java:194)
	at com.kms.katalon.core.main.ScriptEngine.runScriptAsRawText(ScriptEngine.java:119)
	at com.kms.katalon.core.main.TestCaseExecutor.runScript(TestCaseExecutor.java:448)
	at com.kms.katalon.core.main.TestCaseExecutor.doExecute(TestCaseExecutor.java:439)
	at com.kms.katalon.core.main.TestCaseExecutor.processExecutionPhase(TestCaseExecutor.java:418)
	at com.kms.katalon.core.main.TestCaseExecutor.accessMainPhase(TestCaseExecutor.java:410)
	at com.kms.katalon.core.main.TestCaseExecutor.execute(TestCaseExecutor.java:285)
	at com.kms.katalon.core.main.TestCaseExecutor.execute(TestCaseExecutor.java:369)
	at com.kms.katalon.core.main.TestCaseExecutor.execute(TestCaseExecutor.java:369)
	at com.kms.katalon.core.main.TestCaseExecutor.execute(TestCaseExecutor.java:369)
	at com.kms.katalon.core.common.CommonExecutor.accessTestCaseMainPhase(CommonExecutor.java:65)
	at com.kms.katalon.core.main.TestSuiteExecutor.accessTestSuiteMainPhase(TestSuiteExecutor.java:151)
	at com.kms.katalon.core.main.TestSuiteExecutor.execute(TestSuiteExecutor.java:106)
	at com.kms.katalon.core.main.TestCaseMain.startTestSuite(TestCaseMain.java:185)
	at com.kms.katalon.core.main.TestCaseMain$startTestSuite$0.call(Unknown Source)
	at TempTestSuite1665158278242.run(TempTestSuite1665158278242.groovy:36)


2022-10-07 22:58:26 - [TEST_STEP][PASSED] - Start listener action : sampleBeforeTestCase: Current window maximized

2022-10-07 22:58:26 - [TEST_STEP][PASSED] - openBrowser(null): Browser is opened with url: 'null'

2022-10-07 22:58:26 - [MESSAGE][INFO] - Starting 'Chrome' driver

2022-10-07 22:58:26 - [MESSAGE][INFO] - Action delay is set to 0 milliseconds

2022-10-07 22:58:27 - [MESSAGE][PASSED] - Browser is opened with url: 'null'

2022-10-07 22:58:27 - [TEST_STEP][PASSED] - maximizeWindow(): Current window maximized

2022-10-07 22:58:27 - [MESSAGE][PASSED] - Current window maximized

2022-10-07 22:58:27 - [TEST_STEP][PASSED] - Start listener action : sampleAfterTestCase: Browser is closed

2022-10-07 22:58:27 - [TEST_STEP][PASSED] - if (!(getTestCaseStatus().equalsIgnoreCase("PASSED"))): Browser is closed

2022-10-07 22:58:27 - [TEST_STEP][PASSED] - takeScreenshot(): Taking screenshot successfully

2022-10-07 22:58:28 - [MESSAGE][PASSED] - Taking screenshot successfully
[[ATTACHMENT|/Users/nhu.tqnguyen/Documents/QUALITY ENGINEERING - SOURCE/LastCode_QE Automation/katalon-platform-qengineer-automation/Reports/20221007_225758/Change Password/20221007_225758/1665158307939.png]]

2022-10-07 22:58:28 - [TEST_STEP][PASSED] - closeBrowser(): Browser is closed

2022-10-07 22:58:28 - [MESSAGE][PASSED] - Browser is closed

2022-10-07 22:58:28 - [TEST_STEP][PASSED] - closeBrowser(): Browser is closed

2022-10-07 22:58:28 - [MESSAGE][PASSED] - Browser is closed]]></system-out>
         <system-err><![CDATA[2022-10-07 22:58:26 - [TEST_CASE][ERROR] - Test Cases/MyAdmin/Profile/KO-3215 Verify change password failed: Test Cases/MyAdmin/Profile/KO-3215 Verify change password failed FAILED.
Reason:
org.codehaus.groovy.control.MultipleCompilationErrorsException: startup failed:
file:/Users/nhu.tqnguyen/Documents/QUALITY%20ENGINEERING%20-%20SOURCE/LastCode_QE%20Automation/katalon-platform-qengineer-automation/Scripts/MyAdmin/Profile/KO-3215%20Verify%20change%20password%20failed/Script1664699021746.groovy: 18: unable to resolve class katalon.common.ChangePasswordPopup
 @ line 18, column 1.
   import katalon.common.ChangePasswordPopup
   ^

file:/Users/nhu.tqnguyen/Documents/QUALITY%20ENGINEERING%20-%20SOURCE/LastCode_QE%20Automation/katalon-platform-qengineer-automation/Scripts/MyAdmin/Profile/KO-3215%20Verify%20change%20password%20failed/Script1664699021746.groovy: 17: unable to resolve class katalon.common.ProfilePage
 @ line 17, column 1.
   import katalon.common.ProfilePage
   ^

2 errors

	at com.kms.katalon.core.main.ScriptEngine.getScript(ScriptEngine.java:199)
	at com.kms.katalon.core.main.ScriptEngine.run(ScriptEngine.java:194)
	at com.kms.katalon.core.main.ScriptEngine.runScriptAsRawText(ScriptEngine.java:119)
	at com.kms.katalon.core.main.TestCaseExecutor.runScript(TestCaseExecutor.java:448)
	at com.kms.katalon.core.main.TestCaseExecutor.doExecute(TestCaseExecutor.java:439)
	at com.kms.katalon.core.main.TestCaseExecutor.processExecutionPhase(TestCaseExecutor.java:418)
	at com.kms.katalon.core.main.TestCaseExecutor.accessMainPhase(TestCaseExecutor.java:410)
	at com.kms.katalon.core.main.TestCaseExecutor.execute(TestCaseExecutor.java:285)
	at com.kms.katalon.core.main.TestCaseExecutor.execute(TestCaseExecutor.java:369)
	at com.kms.katalon.core.main.TestCaseExecutor.execute(TestCaseExecutor.java:369)
	at com.kms.katalon.core.main.TestCaseExecutor.execute(TestCaseExecutor.java:369)
	at com.kms.katalon.core.common.CommonExecutor.accessTestCaseMainPhase(CommonExecutor.java:65)
	at com.kms.katalon.core.main.TestSuiteExecutor.accessTestSuiteMainPhase(TestSuiteExecutor.java:151)
	at com.kms.katalon.core.main.TestSuiteExecutor.execute(TestSuiteExecutor.java:106)
	at com.kms.katalon.core.main.TestCaseMain.startTestSuite(TestCaseMain.java:185)
	at com.kms.katalon.core.main.TestCaseMain$startTestSuite$0.call(Unknown Source)
	at TempTestSuite1665158278242.run(TempTestSuite1665158278242.groovy:36)]]></system-err>
      </testcase>
      <testcase name="Test Cases/MyAdmin/Profile/KO-3215 Verify change password failed" time="2.053" classname="Test Cases/MyAdmin/Profile/KO-3215 Verify change password failed" status="ERROR">
         <error type="ERROR" message="Test Cases/MyAdmin/Profile/KO-3215 Verify change password failed FAILED.
Reason:
org.codehaus.groovy.control.MultipleCompilationErrorsException: startup failed:
file:/Users/nhu.tqnguyen/Documents/QUALITY%20ENGINEERING%20-%20SOURCE/LastCode_QE%20Automation/katalon-platform-qengineer-automation/Scripts/MyAdmin/Profile/KO-3215%20Verify%20change%20password%20failed/Script1664699021746.groovy: 18: unable to resolve class katalon.common.ChangePasswordPopup
 @ line 18, column 1.
   import katalon.common.ChangePasswordPopup
   ^

file:/Users/nhu.tqnguyen/Documents/QUALITY%20ENGINEERING%20-%20SOURCE/LastCode_QE%20Automation/katalon-platform-qengineer-automation/Scripts/MyAdmin/Profile/KO-3215%20Verify%20change%20password%20failed/Script1664699021746.groovy: 17: unable to resolve class katalon.common.ProfilePage
 @ line 17, column 1.
   import katalon.common.ProfilePage
   ^

2 errors

	at com.kms.katalon.core.main.ScriptEngine.getScript(ScriptEngine.java:199)
	at com.kms.katalon.core.main.ScriptEngine.run(ScriptEngine.java:194)
	at com.kms.katalon.core.main.ScriptEngine.runScriptAsRawText(ScriptEngine.java:119)
	at com.kms.katalon.core.main.TestCaseExecutor.runScript(TestCaseExecutor.java:448)
	at com.kms.katalon.core.main.TestCaseExecutor.doExecute(TestCaseExecutor.java:439)
	at com.kms.katalon.core.main.TestCaseExecutor.processExecutionPhase(TestCaseExecutor.java:418)
	at com.kms.katalon.core.main.TestCaseExecutor.accessMainPhase(TestCaseExecutor.java:410)
	at com.kms.katalon.core.main.TestCaseExecutor.execute(TestCaseExecutor.java:285)
	at com.kms.katalon.core.main.TestCaseExecutor.execute(TestCaseExecutor.java:369)
	at com.kms.katalon.core.main.TestCaseExecutor.execute(TestCaseExecutor.java:369)
	at com.kms.katalon.core.main.TestCaseExecutor.execute(TestCaseExecutor.java:369)
	at com.kms.katalon.core.common.CommonExecutor.accessTestCaseMainPhase(CommonExecutor.java:65)
	at com.kms.katalon.core.main.TestSuiteExecutor.accessTestSuiteMainPhase(TestSuiteExecutor.java:151)
	at com.kms.katalon.core.main.TestSuiteExecutor.execute(TestSuiteExecutor.java:106)
	at com.kms.katalon.core.main.TestCaseMain.startTestSuite(TestCaseMain.java:185)
	at com.kms.katalon.core.main.TestCaseMain$startTestSuite$0.call(Unknown Source)
	at TempTestSuite1665158278242.run(TempTestSuite1665158278242.groovy:36)
"/>
         <system-out><![CDATA[2022-10-07 22:58:34 - [TEST_CASE][ERROR] - Test Cases/MyAdmin/Profile/KO-3215 Verify change password failed: Test Cases/MyAdmin/Profile/KO-3215 Verify change password failed FAILED.
Reason:
org.codehaus.groovy.control.MultipleCompilationErrorsException: startup failed:
file:/Users/nhu.tqnguyen/Documents/QUALITY%20ENGINEERING%20-%20SOURCE/LastCode_QE%20Automation/katalon-platform-qengineer-automation/Scripts/MyAdmin/Profile/KO-3215%20Verify%20change%20password%20failed/Script1664699021746.groovy: 18: unable to resolve class katalon.common.ChangePasswordPopup
 @ line 18, column 1.
   import katalon.common.ChangePasswordPopup
   ^

file:/Users/nhu.tqnguyen/Documents/QUALITY%20ENGINEERING%20-%20SOURCE/LastCode_QE%20Automation/katalon-platform-qengineer-automation/Scripts/MyAdmin/Profile/KO-3215%20Verify%20change%20password%20failed/Script1664699021746.groovy: 17: unable to resolve class katalon.common.ProfilePage
 @ line 17, column 1.
   import katalon.common.ProfilePage
   ^

2 errors

	at com.kms.katalon.core.main.ScriptEngine.getScript(ScriptEngine.java:199)
	at com.kms.katalon.core.main.ScriptEngine.run(ScriptEngine.java:194)
	at com.kms.katalon.core.main.ScriptEngine.runScriptAsRawText(ScriptEngine.java:119)
	at com.kms.katalon.core.main.TestCaseExecutor.runScript(TestCaseExecutor.java:448)
	at com.kms.katalon.core.main.TestCaseExecutor.doExecute(TestCaseExecutor.java:439)
	at com.kms.katalon.core.main.TestCaseExecutor.processExecutionPhase(TestCaseExecutor.java:418)
	at com.kms.katalon.core.main.TestCaseExecutor.accessMainPhase(TestCaseExecutor.java:410)
	at com.kms.katalon.core.main.TestCaseExecutor.execute(TestCaseExecutor.java:285)
	at com.kms.katalon.core.main.TestCaseExecutor.execute(TestCaseExecutor.java:369)
	at com.kms.katalon.core.main.TestCaseExecutor.execute(TestCaseExecutor.java:369)
	at com.kms.katalon.core.main.TestCaseExecutor.execute(TestCaseExecutor.java:369)
	at com.kms.katalon.core.common.CommonExecutor.accessTestCaseMainPhase(CommonExecutor.java:65)
	at com.kms.katalon.core.main.TestSuiteExecutor.accessTestSuiteMainPhase(TestSuiteExecutor.java:151)
	at com.kms.katalon.core.main.TestSuiteExecutor.execute(TestSuiteExecutor.java:106)
	at com.kms.katalon.core.main.TestCaseMain.startTestSuite(TestCaseMain.java:185)
	at com.kms.katalon.core.main.TestCaseMain$startTestSuite$0.call(Unknown Source)
	at TempTestSuite1665158278242.run(TempTestSuite1665158278242.groovy:36)


2022-10-07 22:58:34 - [TEST_STEP][PASSED] - Start listener action : sampleBeforeTestCase: Current window maximized

2022-10-07 22:58:34 - [TEST_STEP][PASSED] - openBrowser(null): Browser is opened with url: 'null'

2022-10-07 22:58:34 - [MESSAGE][INFO] - Starting 'Chrome' driver

2022-10-07 22:58:34 - [MESSAGE][INFO] - Action delay is set to 0 milliseconds

2022-10-07 22:58:35 - [MESSAGE][PASSED] - Browser is opened with url: 'null'

2022-10-07 22:58:35 - [TEST_STEP][PASSED] - maximizeWindow(): Current window maximized

2022-10-07 22:58:35 - [MESSAGE][PASSED] - Current window maximized

2022-10-07 22:58:36 - [TEST_STEP][PASSED] - Start listener action : sampleAfterTestCase: Browser is closed

2022-10-07 22:58:36 - [TEST_STEP][PASSED] - if (!(getTestCaseStatus().equalsIgnoreCase("PASSED"))): Browser is closed

2022-10-07 22:58:36 - [TEST_STEP][PASSED] - takeScreenshot(): Taking screenshot successfully

2022-10-07 22:58:36 - [MESSAGE][PASSED] - Taking screenshot successfully
[[ATTACHMENT|/Users/nhu.tqnguyen/Documents/QUALITY ENGINEERING - SOURCE/LastCode_QE Automation/katalon-platform-qengineer-automation/Reports/20221007_225758/Change Password/20221007_225758/1665158316184.png]]

2022-10-07 22:58:36 - [TEST_STEP][PASSED] - closeBrowser(): Browser is closed

2022-10-07 22:58:36 - [MESSAGE][PASSED] - Browser is closed

2022-10-07 22:58:36 - [TEST_STEP][PASSED] - closeBrowser(): Browser is closed

2022-10-07 22:58:36 - [MESSAGE][PASSED] - Browser is closed]]></system-out>
         <system-err><![CDATA[2022-10-07 22:58:34 - [TEST_CASE][ERROR] - Test Cases/MyAdmin/Profile/KO-3215 Verify change password failed: Test Cases/MyAdmin/Profile/KO-3215 Verify change password failed FAILED.
Reason:
org.codehaus.groovy.control.MultipleCompilationErrorsException: startup failed:
file:/Users/nhu.tqnguyen/Documents/QUALITY%20ENGINEERING%20-%20SOURCE/LastCode_QE%20Automation/katalon-platform-qengineer-automation/Scripts/MyAdmin/Profile/KO-3215%20Verify%20change%20password%20failed/Script1664699021746.groovy: 18: unable to resolve class katalon.common.ChangePasswordPopup
 @ line 18, column 1.
   import katalon.common.ChangePasswordPopup
   ^

file:/Users/nhu.tqnguyen/Documents/QUALITY%20ENGINEERING%20-%20SOURCE/LastCode_QE%20Automation/katalon-platform-qengineer-automation/Scripts/MyAdmin/Profile/KO-3215%20Verify%20change%20password%20failed/Script1664699021746.groovy: 17: unable to resolve class katalon.common.ProfilePage
 @ line 17, column 1.
   import katalon.common.ProfilePage
   ^

2 errors

	at com.kms.katalon.core.main.ScriptEngine.getScript(ScriptEngine.java:199)
	at com.kms.katalon.core.main.ScriptEngine.run(ScriptEngine.java:194)
	at com.kms.katalon.core.main.ScriptEngine.runScriptAsRawText(ScriptEngine.java:119)
	at com.kms.katalon.core.main.TestCaseExecutor.runScript(TestCaseExecutor.java:448)
	at com.kms.katalon.core.main.TestCaseExecutor.doExecute(TestCaseExecutor.java:439)
	at com.kms.katalon.core.main.TestCaseExecutor.processExecutionPhase(TestCaseExecutor.java:418)
	at com.kms.katalon.core.main.TestCaseExecutor.accessMainPhase(TestCaseExecutor.java:410)
	at com.kms.katalon.core.main.TestCaseExecutor.execute(TestCaseExecutor.java:285)
	at com.kms.katalon.core.main.TestCaseExecutor.execute(TestCaseExecutor.java:369)
	at com.kms.katalon.core.main.TestCaseExecutor.execute(TestCaseExecutor.java:369)
	at com.kms.katalon.core.main.TestCaseExecutor.execute(TestCaseExecutor.java:369)
	at com.kms.katalon.core.common.CommonExecutor.accessTestCaseMainPhase(CommonExecutor.java:65)
	at com.kms.katalon.core.main.TestSuiteExecutor.accessTestSuiteMainPhase(TestSuiteExecutor.java:151)
	at com.kms.katalon.core.main.TestSuiteExecutor.execute(TestSuiteExecutor.java:106)
	at com.kms.katalon.core.main.TestCaseMain.startTestSuite(TestCaseMain.java:185)
	at com.kms.katalon.core.main.TestCaseMain$startTestSuite$0.call(Unknown Source)
	at TempTestSuite1665158278242.run(TempTestSuite1665158278242.groovy:36)]]></system-err>
      </testcase>
      <testcase name="Test Cases/MyAdmin/Profile/KO-3215 Verify change password failed" time="1.963" classname="Test Cases/MyAdmin/Profile/KO-3215 Verify change password failed" status="ERROR">
         <error type="ERROR" message="Test Cases/MyAdmin/Profile/KO-3215 Verify change password failed FAILED.
Reason:
org.codehaus.groovy.control.MultipleCompilationErrorsException: startup failed:
file:/Users/nhu.tqnguyen/Documents/QUALITY%20ENGINEERING%20-%20SOURCE/LastCode_QE%20Automation/katalon-platform-qengineer-automation/Scripts/MyAdmin/Profile/KO-3215%20Verify%20change%20password%20failed/Script1664699021746.groovy: 18: unable to resolve class katalon.common.ChangePasswordPopup
 @ line 18, column 1.
   import katalon.common.ChangePasswordPopup
   ^

file:/Users/nhu.tqnguyen/Documents/QUALITY%20ENGINEERING%20-%20SOURCE/LastCode_QE%20Automation/katalon-platform-qengineer-automation/Scripts/MyAdmin/Profile/KO-3215%20Verify%20change%20password%20failed/Script1664699021746.groovy: 17: unable to resolve class katalon.common.ProfilePage
 @ line 17, column 1.
   import katalon.common.ProfilePage
   ^

2 errors

	at com.kms.katalon.core.main.ScriptEngine.getScript(ScriptEngine.java:199)
	at com.kms.katalon.core.main.ScriptEngine.run(ScriptEngine.java:194)
	at com.kms.katalon.core.main.ScriptEngine.runScriptAsRawText(ScriptEngine.java:119)
	at com.kms.katalon.core.main.TestCaseExecutor.runScript(TestCaseExecutor.java:448)
	at com.kms.katalon.core.main.TestCaseExecutor.doExecute(TestCaseExecutor.java:439)
	at com.kms.katalon.core.main.TestCaseExecutor.processExecutionPhase(TestCaseExecutor.java:418)
	at com.kms.katalon.core.main.TestCaseExecutor.accessMainPhase(TestCaseExecutor.java:410)
	at com.kms.katalon.core.main.TestCaseExecutor.execute(TestCaseExecutor.java:285)
	at com.kms.katalon.core.main.TestCaseExecutor.execute(TestCaseExecutor.java:369)
	at com.kms.katalon.core.main.TestCaseExecutor.execute(TestCaseExecutor.java:369)
	at com.kms.katalon.core.main.TestCaseExecutor.execute(TestCaseExecutor.java:369)
	at com.kms.katalon.core.common.CommonExecutor.accessTestCaseMainPhase(CommonExecutor.java:65)
	at com.kms.katalon.core.main.TestSuiteExecutor.accessTestSuiteMainPhase(TestSuiteExecutor.java:151)
	at com.kms.katalon.core.main.TestSuiteExecutor.execute(TestSuiteExecutor.java:106)
	at com.kms.katalon.core.main.TestCaseMain.startTestSuite(TestCaseMain.java:185)
	at com.kms.katalon.core.main.TestCaseMain$startTestSuite$0.call(Unknown Source)
	at TempTestSuite1665158278242.run(TempTestSuite1665158278242.groovy:36)
"/>
         <system-out><![CDATA[2022-10-07 22:58:42 - [TEST_CASE][ERROR] - Test Cases/MyAdmin/Profile/KO-3215 Verify change password failed: Test Cases/MyAdmin/Profile/KO-3215 Verify change password failed FAILED.
Reason:
org.codehaus.groovy.control.MultipleCompilationErrorsException: startup failed:
file:/Users/nhu.tqnguyen/Documents/QUALITY%20ENGINEERING%20-%20SOURCE/LastCode_QE%20Automation/katalon-platform-qengineer-automation/Scripts/MyAdmin/Profile/KO-3215%20Verify%20change%20password%20failed/Script1664699021746.groovy: 18: unable to resolve class katalon.common.ChangePasswordPopup
 @ line 18, column 1.
   import katalon.common.ChangePasswordPopup
   ^

file:/Users/nhu.tqnguyen/Documents/QUALITY%20ENGINEERING%20-%20SOURCE/LastCode_QE%20Automation/katalon-platform-qengineer-automation/Scripts/MyAdmin/Profile/KO-3215%20Verify%20change%20password%20failed/Script1664699021746.groovy: 17: unable to resolve class katalon.common.ProfilePage
 @ line 17, column 1.
   import katalon.common.ProfilePage
   ^

2 errors

	at com.kms.katalon.core.main.ScriptEngine.getScript(ScriptEngine.java:199)
	at com.kms.katalon.core.main.ScriptEngine.run(ScriptEngine.java:194)
	at com.kms.katalon.core.main.ScriptEngine.runScriptAsRawText(ScriptEngine.java:119)
	at com.kms.katalon.core.main.TestCaseExecutor.runScript(TestCaseExecutor.java:448)
	at com.kms.katalon.core.main.TestCaseExecutor.doExecute(TestCaseExecutor.java:439)
	at com.kms.katalon.core.main.TestCaseExecutor.processExecutionPhase(TestCaseExecutor.java:418)
	at com.kms.katalon.core.main.TestCaseExecutor.accessMainPhase(TestCaseExecutor.java:410)
	at com.kms.katalon.core.main.TestCaseExecutor.execute(TestCaseExecutor.java:285)
	at com.kms.katalon.core.main.TestCaseExecutor.execute(TestCaseExecutor.java:369)
	at com.kms.katalon.core.main.TestCaseExecutor.execute(TestCaseExecutor.java:369)
	at com.kms.katalon.core.main.TestCaseExecutor.execute(TestCaseExecutor.java:369)
	at com.kms.katalon.core.common.CommonExecutor.accessTestCaseMainPhase(CommonExecutor.java:65)
	at com.kms.katalon.core.main.TestSuiteExecutor.accessTestSuiteMainPhase(TestSuiteExecutor.java:151)
	at com.kms.katalon.core.main.TestSuiteExecutor.execute(TestSuiteExecutor.java:106)
	at com.kms.katalon.core.main.TestCaseMain.startTestSuite(TestCaseMain.java:185)
	at com.kms.katalon.core.main.TestCaseMain$startTestSuite$0.call(Unknown Source)
	at TempTestSuite1665158278242.run(TempTestSuite1665158278242.groovy:36)


2022-10-07 22:58:42 - [TEST_STEP][PASSED] - Start listener action : sampleBeforeTestCase: Current window maximized

2022-10-07 22:58:42 - [TEST_STEP][PASSED] - openBrowser(null): Browser is opened with url: 'null'

2022-10-07 22:58:42 - [MESSAGE][INFO] - Starting 'Chrome' driver

2022-10-07 22:58:42 - [MESSAGE][INFO] - Action delay is set to 0 milliseconds

2022-10-07 22:58:43 - [MESSAGE][PASSED] - Browser is opened with url: 'null'

2022-10-07 22:58:44 - [TEST_STEP][PASSED] - maximizeWindow(): Current window maximized

2022-10-07 22:58:44 - [MESSAGE][PASSED] - Current window maximized

2022-10-07 22:58:44 - [TEST_STEP][PASSED] - Start listener action : sampleAfterTestCase: Browser is closed

2022-10-07 22:58:44 - [TEST_STEP][PASSED] - if (!(getTestCaseStatus().equalsIgnoreCase("PASSED"))): Browser is closed

2022-10-07 22:58:44 - [TEST_STEP][PASSED] - takeScreenshot(): Taking screenshot successfully

2022-10-07 22:58:44 - [MESSAGE][PASSED] - Taking screenshot successfully
[[ATTACHMENT|/Users/nhu.tqnguyen/Documents/QUALITY ENGINEERING - SOURCE/LastCode_QE Automation/katalon-platform-qengineer-automation/Reports/20221007_225758/Change Password/20221007_225758/1665158324309.png]]

2022-10-07 22:58:44 - [TEST_STEP][PASSED] - closeBrowser(): Browser is closed

2022-10-07 22:58:44 - [MESSAGE][PASSED] - Browser is closed

2022-10-07 22:58:44 - [TEST_STEP][PASSED] - closeBrowser(): Browser is closed

2022-10-07 22:58:44 - [MESSAGE][PASSED] - Browser is closed]]></system-out>
         <system-err><![CDATA[2022-10-07 22:58:42 - [TEST_CASE][ERROR] - Test Cases/MyAdmin/Profile/KO-3215 Verify change password failed: Test Cases/MyAdmin/Profile/KO-3215 Verify change password failed FAILED.
Reason:
org.codehaus.groovy.control.MultipleCompilationErrorsException: startup failed:
file:/Users/nhu.tqnguyen/Documents/QUALITY%20ENGINEERING%20-%20SOURCE/LastCode_QE%20Automation/katalon-platform-qengineer-automation/Scripts/MyAdmin/Profile/KO-3215%20Verify%20change%20password%20failed/Script1664699021746.groovy: 18: unable to resolve class katalon.common.ChangePasswordPopup
 @ line 18, column 1.
   import katalon.common.ChangePasswordPopup
   ^

file:/Users/nhu.tqnguyen/Documents/QUALITY%20ENGINEERING%20-%20SOURCE/LastCode_QE%20Automation/katalon-platform-qengineer-automation/Scripts/MyAdmin/Profile/KO-3215%20Verify%20change%20password%20failed/Script1664699021746.groovy: 17: unable to resolve class katalon.common.ProfilePage
 @ line 17, column 1.
   import katalon.common.ProfilePage
   ^

2 errors

	at com.kms.katalon.core.main.ScriptEngine.getScript(ScriptEngine.java:199)
	at com.kms.katalon.core.main.ScriptEngine.run(ScriptEngine.java:194)
	at com.kms.katalon.core.main.ScriptEngine.runScriptAsRawText(ScriptEngine.java:119)
	at com.kms.katalon.core.main.TestCaseExecutor.runScript(TestCaseExecutor.java:448)
	at com.kms.katalon.core.main.TestCaseExecutor.doExecute(TestCaseExecutor.java:439)
	at com.kms.katalon.core.main.TestCaseExecutor.processExecutionPhase(TestCaseExecutor.java:418)
	at com.kms.katalon.core.main.TestCaseExecutor.accessMainPhase(TestCaseExecutor.java:410)
	at com.kms.katalon.core.main.TestCaseExecutor.execute(TestCaseExecutor.java:285)
	at com.kms.katalon.core.main.TestCaseExecutor.execute(TestCaseExecutor.java:369)
	at com.kms.katalon.core.main.TestCaseExecutor.execute(TestCaseExecutor.java:369)
	at com.kms.katalon.core.main.TestCaseExecutor.execute(TestCaseExecutor.java:369)
	at com.kms.katalon.core.common.CommonExecutor.accessTestCaseMainPhase(CommonExecutor.java:65)
	at com.kms.katalon.core.main.TestSuiteExecutor.accessTestSuiteMainPhase(TestSuiteExecutor.java:151)
	at com.kms.katalon.core.main.TestSuiteExecutor.execute(TestSuiteExecutor.java:106)
	at com.kms.katalon.core.main.TestCaseMain.startTestSuite(TestCaseMain.java:185)
	at com.kms.katalon.core.main.TestCaseMain$startTestSuite$0.call(Unknown Source)
	at TempTestSuite1665158278242.run(TempTestSuite1665158278242.groovy:36)]]></system-err>
      </testcase>
      <testcase name="Test Cases/MyAdmin/Profile/KO-3215 Verify change password failed" time="2.002" classname="Test Cases/MyAdmin/Profile/KO-3215 Verify change password failed" status="ERROR">
         <error type="ERROR" message="Test Cases/MyAdmin/Profile/KO-3215 Verify change password failed FAILED.
Reason:
org.codehaus.groovy.control.MultipleCompilationErrorsException: startup failed:
file:/Users/nhu.tqnguyen/Documents/QUALITY%20ENGINEERING%20-%20SOURCE/LastCode_QE%20Automation/katalon-platform-qengineer-automation/Scripts/MyAdmin/Profile/KO-3215%20Verify%20change%20password%20failed/Script1664699021746.groovy: 18: unable to resolve class katalon.common.ChangePasswordPopup
 @ line 18, column 1.
   import katalon.common.ChangePasswordPopup
   ^

file:/Users/nhu.tqnguyen/Documents/QUALITY%20ENGINEERING%20-%20SOURCE/LastCode_QE%20Automation/katalon-platform-qengineer-automation/Scripts/MyAdmin/Profile/KO-3215%20Verify%20change%20password%20failed/Script1664699021746.groovy: 17: unable to resolve class katalon.common.ProfilePage
 @ line 17, column 1.
   import katalon.common.ProfilePage
   ^

2 errors

	at com.kms.katalon.core.main.ScriptEngine.getScript(ScriptEngine.java:199)
	at com.kms.katalon.core.main.ScriptEngine.run(ScriptEngine.java:194)
	at com.kms.katalon.core.main.ScriptEngine.runScriptAsRawText(ScriptEngine.java:119)
	at com.kms.katalon.core.main.TestCaseExecutor.runScript(TestCaseExecutor.java:448)
	at com.kms.katalon.core.main.TestCaseExecutor.doExecute(TestCaseExecutor.java:439)
	at com.kms.katalon.core.main.TestCaseExecutor.processExecutionPhase(TestCaseExecutor.java:418)
	at com.kms.katalon.core.main.TestCaseExecutor.accessMainPhase(TestCaseExecutor.java:410)
	at com.kms.katalon.core.main.TestCaseExecutor.execute(TestCaseExecutor.java:285)
	at com.kms.katalon.core.main.TestCaseExecutor.execute(TestCaseExecutor.java:369)
	at com.kms.katalon.core.main.TestCaseExecutor.execute(TestCaseExecutor.java:369)
	at com.kms.katalon.core.main.TestCaseExecutor.execute(TestCaseExecutor.java:369)
	at com.kms.katalon.core.common.CommonExecutor.accessTestCaseMainPhase(CommonExecutor.java:65)
	at com.kms.katalon.core.main.TestSuiteExecutor.accessTestSuiteMainPhase(TestSuiteExecutor.java:151)
	at com.kms.katalon.core.main.TestSuiteExecutor.execute(TestSuiteExecutor.java:106)
	at com.kms.katalon.core.main.TestCaseMain.startTestSuite(TestCaseMain.java:185)
	at com.kms.katalon.core.main.TestCaseMain$startTestSuite$0.call(Unknown Source)
	at TempTestSuite1665158278242.run(TempTestSuite1665158278242.groovy:36)
"/>
         <system-out><![CDATA[2022-10-07 22:58:50 - [TEST_CASE][ERROR] - Test Cases/MyAdmin/Profile/KO-3215 Verify change password failed: Test Cases/MyAdmin/Profile/KO-3215 Verify change password failed FAILED.
Reason:
org.codehaus.groovy.control.MultipleCompilationErrorsException: startup failed:
file:/Users/nhu.tqnguyen/Documents/QUALITY%20ENGINEERING%20-%20SOURCE/LastCode_QE%20Automation/katalon-platform-qengineer-automation/Scripts/MyAdmin/Profile/KO-3215%20Verify%20change%20password%20failed/Script1664699021746.groovy: 18: unable to resolve class katalon.common.ChangePasswordPopup
 @ line 18, column 1.
   import katalon.common.ChangePasswordPopup
   ^

file:/Users/nhu.tqnguyen/Documents/QUALITY%20ENGINEERING%20-%20SOURCE/LastCode_QE%20Automation/katalon-platform-qengineer-automation/Scripts/MyAdmin/Profile/KO-3215%20Verify%20change%20password%20failed/Script1664699021746.groovy: 17: unable to resolve class katalon.common.ProfilePage
 @ line 17, column 1.
   import katalon.common.ProfilePage
   ^

2 errors

	at com.kms.katalon.core.main.ScriptEngine.getScript(ScriptEngine.java:199)
	at com.kms.katalon.core.main.ScriptEngine.run(ScriptEngine.java:194)
	at com.kms.katalon.core.main.ScriptEngine.runScriptAsRawText(ScriptEngine.java:119)
	at com.kms.katalon.core.main.TestCaseExecutor.runScript(TestCaseExecutor.java:448)
	at com.kms.katalon.core.main.TestCaseExecutor.doExecute(TestCaseExecutor.java:439)
	at com.kms.katalon.core.main.TestCaseExecutor.processExecutionPhase(TestCaseExecutor.java:418)
	at com.kms.katalon.core.main.TestCaseExecutor.accessMainPhase(TestCaseExecutor.java:410)
	at com.kms.katalon.core.main.TestCaseExecutor.execute(TestCaseExecutor.java:285)
	at com.kms.katalon.core.main.TestCaseExecutor.execute(TestCaseExecutor.java:369)
	at com.kms.katalon.core.main.TestCaseExecutor.execute(TestCaseExecutor.java:369)
	at com.kms.katalon.core.main.TestCaseExecutor.execute(TestCaseExecutor.java:369)
	at com.kms.katalon.core.common.CommonExecutor.accessTestCaseMainPhase(CommonExecutor.java:65)
	at com.kms.katalon.core.main.TestSuiteExecutor.accessTestSuiteMainPhase(TestSuiteExecutor.java:151)
	at com.kms.katalon.core.main.TestSuiteExecutor.execute(TestSuiteExecutor.java:106)
	at com.kms.katalon.core.main.TestCaseMain.startTestSuite(TestCaseMain.java:185)
	at com.kms.katalon.core.main.TestCaseMain$startTestSuite$0.call(Unknown Source)
	at TempTestSuite1665158278242.run(TempTestSuite1665158278242.groovy:36)


2022-10-07 22:58:50 - [TEST_STEP][PASSED] - Start listener action : sampleBeforeTestCase: Current window maximized

2022-10-07 22:58:50 - [TEST_STEP][PASSED] - openBrowser(null): Browser is opened with url: 'null'

2022-10-07 22:58:50 - [MESSAGE][INFO] - Starting 'Chrome' driver

2022-10-07 22:58:50 - [MESSAGE][INFO] - Action delay is set to 0 milliseconds

2022-10-07 22:58:52 - [MESSAGE][PASSED] - Browser is opened with url: 'null'

2022-10-07 22:58:52 - [TEST_STEP][PASSED] - maximizeWindow(): Current window maximized

2022-10-07 22:58:52 - [MESSAGE][PASSED] - Current window maximized

2022-10-07 22:58:52 - [TEST_STEP][PASSED] - Start listener action : sampleAfterTestCase: Browser is closed

2022-10-07 22:58:52 - [TEST_STEP][PASSED] - if (!(getTestCaseStatus().equalsIgnoreCase("PASSED"))): Browser is closed

2022-10-07 22:58:52 - [TEST_STEP][PASSED] - takeScreenshot(): Taking screenshot successfully

2022-10-07 22:58:52 - [MESSAGE][PASSED] - Taking screenshot successfully
[[ATTACHMENT|/Users/nhu.tqnguyen/Documents/QUALITY ENGINEERING - SOURCE/LastCode_QE Automation/katalon-platform-qengineer-automation/Reports/20221007_225758/Change Password/20221007_225758/1665158332360.png]]

2022-10-07 22:58:52 - [TEST_STEP][PASSED] - closeBrowser(): Browser is closed

2022-10-07 22:58:52 - [MESSAGE][PASSED] - Browser is closed

2022-10-07 22:58:52 - [TEST_STEP][PASSED] - closeBrowser(): Browser is closed

2022-10-07 22:58:52 - [MESSAGE][PASSED] - Browser is closed]]></system-out>
         <system-err><![CDATA[2022-10-07 22:58:50 - [TEST_CASE][ERROR] - Test Cases/MyAdmin/Profile/KO-3215 Verify change password failed: Test Cases/MyAdmin/Profile/KO-3215 Verify change password failed FAILED.
Reason:
org.codehaus.groovy.control.MultipleCompilationErrorsException: startup failed:
file:/Users/nhu.tqnguyen/Documents/QUALITY%20ENGINEERING%20-%20SOURCE/LastCode_QE%20Automation/katalon-platform-qengineer-automation/Scripts/MyAdmin/Profile/KO-3215%20Verify%20change%20password%20failed/Script1664699021746.groovy: 18: unable to resolve class katalon.common.ChangePasswordPopup
 @ line 18, column 1.
   import katalon.common.ChangePasswordPopup
   ^

file:/Users/nhu.tqnguyen/Documents/QUALITY%20ENGINEERING%20-%20SOURCE/LastCode_QE%20Automation/katalon-platform-qengineer-automation/Scripts/MyAdmin/Profile/KO-3215%20Verify%20change%20password%20failed/Script1664699021746.groovy: 17: unable to resolve class katalon.common.ProfilePage
 @ line 17, column 1.
   import katalon.common.ProfilePage
   ^

2 errors

	at com.kms.katalon.core.main.ScriptEngine.getScript(ScriptEngine.java:199)
	at com.kms.katalon.core.main.ScriptEngine.run(ScriptEngine.java:194)
	at com.kms.katalon.core.main.ScriptEngine.runScriptAsRawText(ScriptEngine.java:119)
	at com.kms.katalon.core.main.TestCaseExecutor.runScript(TestCaseExecutor.java:448)
	at com.kms.katalon.core.main.TestCaseExecutor.doExecute(TestCaseExecutor.java:439)
	at com.kms.katalon.core.main.TestCaseExecutor.processExecutionPhase(TestCaseExecutor.java:418)
	at com.kms.katalon.core.main.TestCaseExecutor.accessMainPhase(TestCaseExecutor.java:410)
	at com.kms.katalon.core.main.TestCaseExecutor.execute(TestCaseExecutor.java:285)
	at com.kms.katalon.core.main.TestCaseExecutor.execute(TestCaseExecutor.java:369)
	at com.kms.katalon.core.main.TestCaseExecutor.execute(TestCaseExecutor.java:369)
	at com.kms.katalon.core.main.TestCaseExecutor.execute(TestCaseExecutor.java:369)
	at com.kms.katalon.core.common.CommonExecutor.accessTestCaseMainPhase(CommonExecutor.java:65)
	at com.kms.katalon.core.main.TestSuiteExecutor.accessTestSuiteMainPhase(TestSuiteExecutor.java:151)
	at com.kms.katalon.core.main.TestSuiteExecutor.execute(TestSuiteExecutor.java:106)
	at com.kms.katalon.core.main.TestCaseMain.startTestSuite(TestCaseMain.java:185)
	at com.kms.katalon.core.main.TestCaseMain$startTestSuite$0.call(Unknown Source)
	at TempTestSuite1665158278242.run(TempTestSuite1665158278242.groovy:36)]]></system-err>
      </testcase>
      <testcase name="Test Cases/MyAdmin/Profile/KO-3215 Verify change password failed" time="2.168" classname="Test Cases/MyAdmin/Profile/KO-3215 Verify change password failed" status="ERROR">
         <error type="ERROR" message="Test Cases/MyAdmin/Profile/KO-3215 Verify change password failed FAILED.
Reason:
org.codehaus.groovy.control.MultipleCompilationErrorsException: startup failed:
file:/Users/nhu.tqnguyen/Documents/QUALITY%20ENGINEERING%20-%20SOURCE/LastCode_QE%20Automation/katalon-platform-qengineer-automation/Scripts/MyAdmin/Profile/KO-3215%20Verify%20change%20password%20failed/Script1664699021746.groovy: 18: unable to resolve class katalon.common.ChangePasswordPopup
 @ line 18, column 1.
   import katalon.common.ChangePasswordPopup
   ^

file:/Users/nhu.tqnguyen/Documents/QUALITY%20ENGINEERING%20-%20SOURCE/LastCode_QE%20Automation/katalon-platform-qengineer-automation/Scripts/MyAdmin/Profile/KO-3215%20Verify%20change%20password%20failed/Script1664699021746.groovy: 17: unable to resolve class katalon.common.ProfilePage
 @ line 17, column 1.
   import katalon.common.ProfilePage
   ^

2 errors

	at com.kms.katalon.core.main.ScriptEngine.getScript(ScriptEngine.java:199)
	at com.kms.katalon.core.main.ScriptEngine.run(ScriptEngine.java:194)
	at com.kms.katalon.core.main.ScriptEngine.runScriptAsRawText(ScriptEngine.java:119)
	at com.kms.katalon.core.main.TestCaseExecutor.runScript(TestCaseExecutor.java:448)
	at com.kms.katalon.core.main.TestCaseExecutor.doExecute(TestCaseExecutor.java:439)
	at com.kms.katalon.core.main.TestCaseExecutor.processExecutionPhase(TestCaseExecutor.java:418)
	at com.kms.katalon.core.main.TestCaseExecutor.accessMainPhase(TestCaseExecutor.java:410)
	at com.kms.katalon.core.main.TestCaseExecutor.execute(TestCaseExecutor.java:285)
	at com.kms.katalon.core.main.TestCaseExecutor.execute(TestCaseExecutor.java:369)
	at com.kms.katalon.core.main.TestCaseExecutor.execute(TestCaseExecutor.java:369)
	at com.kms.katalon.core.main.TestCaseExecutor.execute(TestCaseExecutor.java:369)
	at com.kms.katalon.core.common.CommonExecutor.accessTestCaseMainPhase(CommonExecutor.java:65)
	at com.kms.katalon.core.main.TestSuiteExecutor.accessTestSuiteMainPhase(TestSuiteExecutor.java:151)
	at com.kms.katalon.core.main.TestSuiteExecutor.execute(TestSuiteExecutor.java:106)
	at com.kms.katalon.core.main.TestCaseMain.startTestSuite(TestCaseMain.java:185)
	at com.kms.katalon.core.main.TestCaseMain$startTestSuite$0.call(Unknown Source)
	at TempTestSuite1665158278242.run(TempTestSuite1665158278242.groovy:36)
"/>
         <system-out><![CDATA[2022-10-07 22:58:58 - [TEST_CASE][ERROR] - Test Cases/MyAdmin/Profile/KO-3215 Verify change password failed: Test Cases/MyAdmin/Profile/KO-3215 Verify change password failed FAILED.
Reason:
org.codehaus.groovy.control.MultipleCompilationErrorsException: startup failed:
file:/Users/nhu.tqnguyen/Documents/QUALITY%20ENGINEERING%20-%20SOURCE/LastCode_QE%20Automation/katalon-platform-qengineer-automation/Scripts/MyAdmin/Profile/KO-3215%20Verify%20change%20password%20failed/Script1664699021746.groovy: 18: unable to resolve class katalon.common.ChangePasswordPopup
 @ line 18, column 1.
   import katalon.common.ChangePasswordPopup
   ^

file:/Users/nhu.tqnguyen/Documents/QUALITY%20ENGINEERING%20-%20SOURCE/LastCode_QE%20Automation/katalon-platform-qengineer-automation/Scripts/MyAdmin/Profile/KO-3215%20Verify%20change%20password%20failed/Script1664699021746.groovy: 17: unable to resolve class katalon.common.ProfilePage
 @ line 17, column 1.
   import katalon.common.ProfilePage
   ^

2 errors

	at com.kms.katalon.core.main.ScriptEngine.getScript(ScriptEngine.java:199)
	at com.kms.katalon.core.main.ScriptEngine.run(ScriptEngine.java:194)
	at com.kms.katalon.core.main.ScriptEngine.runScriptAsRawText(ScriptEngine.java:119)
	at com.kms.katalon.core.main.TestCaseExecutor.runScript(TestCaseExecutor.java:448)
	at com.kms.katalon.core.main.TestCaseExecutor.doExecute(TestCaseExecutor.java:439)
	at com.kms.katalon.core.main.TestCaseExecutor.processExecutionPhase(TestCaseExecutor.java:418)
	at com.kms.katalon.core.main.TestCaseExecutor.accessMainPhase(TestCaseExecutor.java:410)
	at com.kms.katalon.core.main.TestCaseExecutor.execute(TestCaseExecutor.java:285)
	at com.kms.katalon.core.main.TestCaseExecutor.execute(TestCaseExecutor.java:369)
	at com.kms.katalon.core.main.TestCaseExecutor.execute(TestCaseExecutor.java:369)
	at com.kms.katalon.core.main.TestCaseExecutor.execute(TestCaseExecutor.java:369)
	at com.kms.katalon.core.common.CommonExecutor.accessTestCaseMainPhase(CommonExecutor.java:65)
	at com.kms.katalon.core.main.TestSuiteExecutor.accessTestSuiteMainPhase(TestSuiteExecutor.java:151)
	at com.kms.katalon.core.main.TestSuiteExecutor.execute(TestSuiteExecutor.java:106)
	at com.kms.katalon.core.main.TestCaseMain.startTestSuite(TestCaseMain.java:185)
	at com.kms.katalon.core.main.TestCaseMain$startTestSuite$0.call(Unknown Source)
	at TempTestSuite1665158278242.run(TempTestSuite1665158278242.groovy:36)


2022-10-07 22:58:58 - [TEST_STEP][PASSED] - Start listener action : sampleBeforeTestCase: Current window maximized

2022-10-07 22:58:58 - [TEST_STEP][PASSED] - openBrowser(null): Browser is opened with url: 'null'

2022-10-07 22:58:58 - [MESSAGE][INFO] - Starting 'Chrome' driver

2022-10-07 22:58:58 - [MESSAGE][INFO] - Action delay is set to 0 milliseconds

2022-10-07 22:59:00 - [MESSAGE][PASSED] - Browser is opened with url: 'null'

2022-10-07 22:59:00 - [TEST_STEP][PASSED] - maximizeWindow(): Current window maximized

2022-10-07 22:59:00 - [MESSAGE][PASSED] - Current window maximized

2022-10-07 22:59:00 - [TEST_STEP][PASSED] - Start listener action : sampleAfterTestCase: Browser is closed

2022-10-07 22:59:00 - [TEST_STEP][PASSED] - if (!(getTestCaseStatus().equalsIgnoreCase("PASSED"))): Browser is closed

2022-10-07 22:59:00 - [TEST_STEP][PASSED] - takeScreenshot(): Taking screenshot successfully

2022-10-07 22:59:00 - [MESSAGE][PASSED] - Taking screenshot successfully
[[ATTACHMENT|/Users/nhu.tqnguyen/Documents/QUALITY ENGINEERING - SOURCE/LastCode_QE Automation/katalon-platform-qengineer-automation/Reports/20221007_225758/Change Password/20221007_225758/1665158340667.png]]

2022-10-07 22:59:00 - [TEST_STEP][PASSED] - closeBrowser(): Browser is closed

2022-10-07 22:59:01 - [MESSAGE][PASSED] - Browser is closed

2022-10-07 22:59:01 - [TEST_STEP][PASSED] - closeBrowser(): Browser is closed

2022-10-07 22:59:01 - [MESSAGE][PASSED] - Browser is closed]]></system-out>
         <system-err><![CDATA[2022-10-07 22:58:58 - [TEST_CASE][ERROR] - Test Cases/MyAdmin/Profile/KO-3215 Verify change password failed: Test Cases/MyAdmin/Profile/KO-3215 Verify change password failed FAILED.
Reason:
org.codehaus.groovy.control.MultipleCompilationErrorsException: startup failed:
file:/Users/nhu.tqnguyen/Documents/QUALITY%20ENGINEERING%20-%20SOURCE/LastCode_QE%20Automation/katalon-platform-qengineer-automation/Scripts/MyAdmin/Profile/KO-3215%20Verify%20change%20password%20failed/Script1664699021746.groovy: 18: unable to resolve class katalon.common.ChangePasswordPopup
 @ line 18, column 1.
   import katalon.common.ChangePasswordPopup
   ^

file:/Users/nhu.tqnguyen/Documents/QUALITY%20ENGINEERING%20-%20SOURCE/LastCode_QE%20Automation/katalon-platform-qengineer-automation/Scripts/MyAdmin/Profile/KO-3215%20Verify%20change%20password%20failed/Script1664699021746.groovy: 17: unable to resolve class katalon.common.ProfilePage
 @ line 17, column 1.
   import katalon.common.ProfilePage
   ^

2 errors

	at com.kms.katalon.core.main.ScriptEngine.getScript(ScriptEngine.java:199)
	at com.kms.katalon.core.main.ScriptEngine.run(ScriptEngine.java:194)
	at com.kms.katalon.core.main.ScriptEngine.runScriptAsRawText(ScriptEngine.java:119)
	at com.kms.katalon.core.main.TestCaseExecutor.runScript(TestCaseExecutor.java:448)
	at com.kms.katalon.core.main.TestCaseExecutor.doExecute(TestCaseExecutor.java:439)
	at com.kms.katalon.core.main.TestCaseExecutor.processExecutionPhase(TestCaseExecutor.java:418)
	at com.kms.katalon.core.main.TestCaseExecutor.accessMainPhase(TestCaseExecutor.java:410)
	at com.kms.katalon.core.main.TestCaseExecutor.execute(TestCaseExecutor.java:285)
	at com.kms.katalon.core.main.TestCaseExecutor.execute(TestCaseExecutor.java:369)
	at com.kms.katalon.core.main.TestCaseExecutor.execute(TestCaseExecutor.java:369)
	at com.kms.katalon.core.main.TestCaseExecutor.execute(TestCaseExecutor.java:369)
	at com.kms.katalon.core.common.CommonExecutor.accessTestCaseMainPhase(CommonExecutor.java:65)
	at com.kms.katalon.core.main.TestSuiteExecutor.accessTestSuiteMainPhase(TestSuiteExecutor.java:151)
	at com.kms.katalon.core.main.TestSuiteExecutor.execute(TestSuiteExecutor.java:106)
	at com.kms.katalon.core.main.TestCaseMain.startTestSuite(TestCaseMain.java:185)
	at com.kms.katalon.core.main.TestCaseMain$startTestSuite$0.call(Unknown Source)
	at TempTestSuite1665158278242.run(TempTestSuite1665158278242.groovy:36)]]></system-err>
      </testcase>
      <testcase name="Test Cases/MyAdmin/Profile/KO-3215 Verify change password failed" time="2.021" classname="Test Cases/MyAdmin/Profile/KO-3215 Verify change password failed" status="ERROR">
         <error type="ERROR" message="Test Cases/MyAdmin/Profile/KO-3215 Verify change password failed FAILED.
Reason:
org.codehaus.groovy.control.MultipleCompilationErrorsException: startup failed:
file:/Users/nhu.tqnguyen/Documents/QUALITY%20ENGINEERING%20-%20SOURCE/LastCode_QE%20Automation/katalon-platform-qengineer-automation/Scripts/MyAdmin/Profile/KO-3215%20Verify%20change%20password%20failed/Script1664699021746.groovy: 18: unable to resolve class katalon.common.ChangePasswordPopup
 @ line 18, column 1.
   import katalon.common.ChangePasswordPopup
   ^

file:/Users/nhu.tqnguyen/Documents/QUALITY%20ENGINEERING%20-%20SOURCE/LastCode_QE%20Automation/katalon-platform-qengineer-automation/Scripts/MyAdmin/Profile/KO-3215%20Verify%20change%20password%20failed/Script1664699021746.groovy: 17: unable to resolve class katalon.common.ProfilePage
 @ line 17, column 1.
   import katalon.common.ProfilePage
   ^

2 errors

	at com.kms.katalon.core.main.ScriptEngine.getScript(ScriptEngine.java:199)
	at com.kms.katalon.core.main.ScriptEngine.run(ScriptEngine.java:194)
	at com.kms.katalon.core.main.ScriptEngine.runScriptAsRawText(ScriptEngine.java:119)
	at com.kms.katalon.core.main.TestCaseExecutor.runScript(TestCaseExecutor.java:448)
	at com.kms.katalon.core.main.TestCaseExecutor.doExecute(TestCaseExecutor.java:439)
	at com.kms.katalon.core.main.TestCaseExecutor.processExecutionPhase(TestCaseExecutor.java:418)
	at com.kms.katalon.core.main.TestCaseExecutor.accessMainPhase(TestCaseExecutor.java:410)
	at com.kms.katalon.core.main.TestCaseExecutor.execute(TestCaseExecutor.java:285)
	at com.kms.katalon.core.main.TestCaseExecutor.execute(TestCaseExecutor.java:369)
	at com.kms.katalon.core.main.TestCaseExecutor.execute(TestCaseExecutor.java:369)
	at com.kms.katalon.core.main.TestCaseExecutor.execute(TestCaseExecutor.java:369)
	at com.kms.katalon.core.common.CommonExecutor.accessTestCaseMainPhase(CommonExecutor.java:65)
	at com.kms.katalon.core.main.TestSuiteExecutor.accessTestSuiteMainPhase(TestSuiteExecutor.java:151)
	at com.kms.katalon.core.main.TestSuiteExecutor.execute(TestSuiteExecutor.java:106)
	at com.kms.katalon.core.main.TestCaseMain.startTestSuite(TestCaseMain.java:185)
	at com.kms.katalon.core.main.TestCaseMain$startTestSuite$0.call(Unknown Source)
	at TempTestSuite1665158278242.run(TempTestSuite1665158278242.groovy:36)
"/>
         <system-out><![CDATA[2022-10-07 22:59:07 - [TEST_CASE][ERROR] - Test Cases/MyAdmin/Profile/KO-3215 Verify change password failed: Test Cases/MyAdmin/Profile/KO-3215 Verify change password failed FAILED.
Reason:
org.codehaus.groovy.control.MultipleCompilationErrorsException: startup failed:
file:/Users/nhu.tqnguyen/Documents/QUALITY%20ENGINEERING%20-%20SOURCE/LastCode_QE%20Automation/katalon-platform-qengineer-automation/Scripts/MyAdmin/Profile/KO-3215%20Verify%20change%20password%20failed/Script1664699021746.groovy: 18: unable to resolve class katalon.common.ChangePasswordPopup
 @ line 18, column 1.
   import katalon.common.ChangePasswordPopup
   ^

file:/Users/nhu.tqnguyen/Documents/QUALITY%20ENGINEERING%20-%20SOURCE/LastCode_QE%20Automation/katalon-platform-qengineer-automation/Scripts/MyAdmin/Profile/KO-3215%20Verify%20change%20password%20failed/Script1664699021746.groovy: 17: unable to resolve class katalon.common.ProfilePage
 @ line 17, column 1.
   import katalon.common.ProfilePage
   ^

2 errors

	at com.kms.katalon.core.main.ScriptEngine.getScript(ScriptEngine.java:199)
	at com.kms.katalon.core.main.ScriptEngine.run(ScriptEngine.java:194)
	at com.kms.katalon.core.main.ScriptEngine.runScriptAsRawText(ScriptEngine.java:119)
	at com.kms.katalon.core.main.TestCaseExecutor.runScript(TestCaseExecutor.java:448)
	at com.kms.katalon.core.main.TestCaseExecutor.doExecute(TestCaseExecutor.java:439)
	at com.kms.katalon.core.main.TestCaseExecutor.processExecutionPhase(TestCaseExecutor.java:418)
	at com.kms.katalon.core.main.TestCaseExecutor.accessMainPhase(TestCaseExecutor.java:410)
	at com.kms.katalon.core.main.TestCaseExecutor.execute(TestCaseExecutor.java:285)
	at com.kms.katalon.core.main.TestCaseExecutor.execute(TestCaseExecutor.java:369)
	at com.kms.katalon.core.main.TestCaseExecutor.execute(TestCaseExecutor.java:369)
	at com.kms.katalon.core.main.TestCaseExecutor.execute(TestCaseExecutor.java:369)
	at com.kms.katalon.core.common.CommonExecutor.accessTestCaseMainPhase(CommonExecutor.java:65)
	at com.kms.katalon.core.main.TestSuiteExecutor.accessTestSuiteMainPhase(TestSuiteExecutor.java:151)
	at com.kms.katalon.core.main.TestSuiteExecutor.execute(TestSuiteExecutor.java:106)
	at com.kms.katalon.core.main.TestCaseMain.startTestSuite(TestCaseMain.java:185)
	at com.kms.katalon.core.main.TestCaseMain$startTestSuite$0.call(Unknown Source)
	at TempTestSuite1665158278242.run(TempTestSuite1665158278242.groovy:36)


2022-10-07 22:59:07 - [TEST_STEP][PASSED] - Start listener action : sampleBeforeTestCase: Current window maximized

2022-10-07 22:59:07 - [TEST_STEP][PASSED] - openBrowser(null): Browser is opened with url: 'null'

2022-10-07 22:59:07 - [MESSAGE][INFO] - Starting 'Chrome' driver

2022-10-07 22:59:07 - [MESSAGE][INFO] - Action delay is set to 0 milliseconds

2022-10-07 22:59:08 - [MESSAGE][PASSED] - Browser is opened with url: 'null'

2022-10-07 22:59:08 - [TEST_STEP][PASSED] - maximizeWindow(): Current window maximized

2022-10-07 22:59:08 - [MESSAGE][PASSED] - Current window maximized

2022-10-07 22:59:08 - [TEST_STEP][PASSED] - Start listener action : sampleAfterTestCase: Browser is closed

2022-10-07 22:59:08 - [TEST_STEP][PASSED] - if (!(getTestCaseStatus().equalsIgnoreCase("PASSED"))): Browser is closed

2022-10-07 22:59:08 - [TEST_STEP][PASSED] - takeScreenshot(): Taking screenshot successfully

2022-10-07 22:59:09 - [MESSAGE][PASSED] - Taking screenshot successfully
[[ATTACHMENT|/Users/nhu.tqnguyen/Documents/QUALITY ENGINEERING - SOURCE/LastCode_QE Automation/katalon-platform-qengineer-automation/Reports/20221007_225758/Change Password/20221007_225758/1665158348813.png]]

2022-10-07 22:59:09 - [TEST_STEP][PASSED] - closeBrowser(): Browser is closed

2022-10-07 22:59:09 - [MESSAGE][PASSED] - Browser is closed

2022-10-07 22:59:09 - [TEST_STEP][PASSED] - closeBrowser(): Browser is closed

2022-10-07 22:59:09 - [MESSAGE][PASSED] - Browser is closed]]></system-out>
         <system-err><![CDATA[2022-10-07 22:59:07 - [TEST_CASE][ERROR] - Test Cases/MyAdmin/Profile/KO-3215 Verify change password failed: Test Cases/MyAdmin/Profile/KO-3215 Verify change password failed FAILED.
Reason:
org.codehaus.groovy.control.MultipleCompilationErrorsException: startup failed:
file:/Users/nhu.tqnguyen/Documents/QUALITY%20ENGINEERING%20-%20SOURCE/LastCode_QE%20Automation/katalon-platform-qengineer-automation/Scripts/MyAdmin/Profile/KO-3215%20Verify%20change%20password%20failed/Script1664699021746.groovy: 18: unable to resolve class katalon.common.ChangePasswordPopup
 @ line 18, column 1.
   import katalon.common.ChangePasswordPopup
   ^

file:/Users/nhu.tqnguyen/Documents/QUALITY%20ENGINEERING%20-%20SOURCE/LastCode_QE%20Automation/katalon-platform-qengineer-automation/Scripts/MyAdmin/Profile/KO-3215%20Verify%20change%20password%20failed/Script1664699021746.groovy: 17: unable to resolve class katalon.common.ProfilePage
 @ line 17, column 1.
   import katalon.common.ProfilePage
   ^

2 errors

	at com.kms.katalon.core.main.ScriptEngine.getScript(ScriptEngine.java:199)
	at com.kms.katalon.core.main.ScriptEngine.run(ScriptEngine.java:194)
	at com.kms.katalon.core.main.ScriptEngine.runScriptAsRawText(ScriptEngine.java:119)
	at com.kms.katalon.core.main.TestCaseExecutor.runScript(TestCaseExecutor.java:448)
	at com.kms.katalon.core.main.TestCaseExecutor.doExecute(TestCaseExecutor.java:439)
	at com.kms.katalon.core.main.TestCaseExecutor.processExecutionPhase(TestCaseExecutor.java:418)
	at com.kms.katalon.core.main.TestCaseExecutor.accessMainPhase(TestCaseExecutor.java:410)
	at com.kms.katalon.core.main.TestCaseExecutor.execute(TestCaseExecutor.java:285)
	at com.kms.katalon.core.main.TestCaseExecutor.execute(TestCaseExecutor.java:369)
	at com.kms.katalon.core.main.TestCaseExecutor.execute(TestCaseExecutor.java:369)
	at com.kms.katalon.core.main.TestCaseExecutor.execute(TestCaseExecutor.java:369)
	at com.kms.katalon.core.common.CommonExecutor.accessTestCaseMainPhase(CommonExecutor.java:65)
	at com.kms.katalon.core.main.TestSuiteExecutor.accessTestSuiteMainPhase(TestSuiteExecutor.java:151)
	at com.kms.katalon.core.main.TestSuiteExecutor.execute(TestSuiteExecutor.java:106)
	at com.kms.katalon.core.main.TestCaseMain.startTestSuite(TestCaseMain.java:185)
	at com.kms.katalon.core.main.TestCaseMain$startTestSuite$0.call(Unknown Source)
	at TempTestSuite1665158278242.run(TempTestSuite1665158278242.groovy:36)]]></system-err>
      </testcase>
      <testcase name="Test Cases/MyAdmin/Profile/KO-3215 Verify change password failed" time="2.003" classname="Test Cases/MyAdmin/Profile/KO-3215 Verify change password failed" status="ERROR">
         <error type="ERROR" message="Test Cases/MyAdmin/Profile/KO-3215 Verify change password failed FAILED.
Reason:
org.codehaus.groovy.control.MultipleCompilationErrorsException: startup failed:
file:/Users/nhu.tqnguyen/Documents/QUALITY%20ENGINEERING%20-%20SOURCE/LastCode_QE%20Automation/katalon-platform-qengineer-automation/Scripts/MyAdmin/Profile/KO-3215%20Verify%20change%20password%20failed/Script1664699021746.groovy: 18: unable to resolve class katalon.common.ChangePasswordPopup
 @ line 18, column 1.
   import katalon.common.ChangePasswordPopup
   ^

file:/Users/nhu.tqnguyen/Documents/QUALITY%20ENGINEERING%20-%20SOURCE/LastCode_QE%20Automation/katalon-platform-qengineer-automation/Scripts/MyAdmin/Profile/KO-3215%20Verify%20change%20password%20failed/Script1664699021746.groovy: 17: unable to resolve class katalon.common.ProfilePage
 @ line 17, column 1.
   import katalon.common.ProfilePage
   ^

2 errors

	at com.kms.katalon.core.main.ScriptEngine.getScript(ScriptEngine.java:199)
	at com.kms.katalon.core.main.ScriptEngine.run(ScriptEngine.java:194)
	at com.kms.katalon.core.main.ScriptEngine.runScriptAsRawText(ScriptEngine.java:119)
	at com.kms.katalon.core.main.TestCaseExecutor.runScript(TestCaseExecutor.java:448)
	at com.kms.katalon.core.main.TestCaseExecutor.doExecute(TestCaseExecutor.java:439)
	at com.kms.katalon.core.main.TestCaseExecutor.processExecutionPhase(TestCaseExecutor.java:418)
	at com.kms.katalon.core.main.TestCaseExecutor.accessMainPhase(TestCaseExecutor.java:410)
	at com.kms.katalon.core.main.TestCaseExecutor.execute(TestCaseExecutor.java:285)
	at com.kms.katalon.core.main.TestCaseExecutor.execute(TestCaseExecutor.java:369)
	at com.kms.katalon.core.main.TestCaseExecutor.execute(TestCaseExecutor.java:369)
	at com.kms.katalon.core.main.TestCaseExecutor.execute(TestCaseExecutor.java:369)
	at com.kms.katalon.core.common.CommonExecutor.accessTestCaseMainPhase(CommonExecutor.java:65)
	at com.kms.katalon.core.main.TestSuiteExecutor.accessTestSuiteMainPhase(TestSuiteExecutor.java:151)
	at com.kms.katalon.core.main.TestSuiteExecutor.execute(TestSuiteExecutor.java:106)
	at com.kms.katalon.core.main.TestCaseMain.startTestSuite(TestCaseMain.java:185)
	at com.kms.katalon.core.main.TestCaseMain$startTestSuite$0.call(Unknown Source)
	at TempTestSuite1665158278242.run(TempTestSuite1665158278242.groovy:36)
"/>
         <system-out><![CDATA[2022-10-07 22:59:15 - [TEST_CASE][ERROR] - Test Cases/MyAdmin/Profile/KO-3215 Verify change password failed: Test Cases/MyAdmin/Profile/KO-3215 Verify change password failed FAILED.
Reason:
org.codehaus.groovy.control.MultipleCompilationErrorsException: startup failed:
file:/Users/nhu.tqnguyen/Documents/QUALITY%20ENGINEERING%20-%20SOURCE/LastCode_QE%20Automation/katalon-platform-qengineer-automation/Scripts/MyAdmin/Profile/KO-3215%20Verify%20change%20password%20failed/Script1664699021746.groovy: 18: unable to resolve class katalon.common.ChangePasswordPopup
 @ line 18, column 1.
   import katalon.common.ChangePasswordPopup
   ^

file:/Users/nhu.tqnguyen/Documents/QUALITY%20ENGINEERING%20-%20SOURCE/LastCode_QE%20Automation/katalon-platform-qengineer-automation/Scripts/MyAdmin/Profile/KO-3215%20Verify%20change%20password%20failed/Script1664699021746.groovy: 17: unable to resolve class katalon.common.ProfilePage
 @ line 17, column 1.
   import katalon.common.ProfilePage
   ^

2 errors

	at com.kms.katalon.core.main.ScriptEngine.getScript(ScriptEngine.java:199)
	at com.kms.katalon.core.main.ScriptEngine.run(ScriptEngine.java:194)
	at com.kms.katalon.core.main.ScriptEngine.runScriptAsRawText(ScriptEngine.java:119)
	at com.kms.katalon.core.main.TestCaseExecutor.runScript(TestCaseExecutor.java:448)
	at com.kms.katalon.core.main.TestCaseExecutor.doExecute(TestCaseExecutor.java:439)
	at com.kms.katalon.core.main.TestCaseExecutor.processExecutionPhase(TestCaseExecutor.java:418)
	at com.kms.katalon.core.main.TestCaseExecutor.accessMainPhase(TestCaseExecutor.java:410)
	at com.kms.katalon.core.main.TestCaseExecutor.execute(TestCaseExecutor.java:285)
	at com.kms.katalon.core.main.TestCaseExecutor.execute(TestCaseExecutor.java:369)
	at com.kms.katalon.core.main.TestCaseExecutor.execute(TestCaseExecutor.java:369)
	at com.kms.katalon.core.main.TestCaseExecutor.execute(TestCaseExecutor.java:369)
	at com.kms.katalon.core.common.CommonExecutor.accessTestCaseMainPhase(CommonExecutor.java:65)
	at com.kms.katalon.core.main.TestSuiteExecutor.accessTestSuiteMainPhase(TestSuiteExecutor.java:151)
	at com.kms.katalon.core.main.TestSuiteExecutor.execute(TestSuiteExecutor.java:106)
	at com.kms.katalon.core.main.TestCaseMain.startTestSuite(TestCaseMain.java:185)
	at com.kms.katalon.core.main.TestCaseMain$startTestSuite$0.call(Unknown Source)
	at TempTestSuite1665158278242.run(TempTestSuite1665158278242.groovy:36)


2022-10-07 22:59:15 - [TEST_STEP][PASSED] - Start listener action : sampleBeforeTestCase: Current window maximized

2022-10-07 22:59:15 - [TEST_STEP][PASSED] - openBrowser(null): Browser is opened with url: 'null'

2022-10-07 22:59:15 - [MESSAGE][INFO] - Starting 'Chrome' driver

2022-10-07 22:59:15 - [MESSAGE][INFO] - Action delay is set to 0 milliseconds

2022-10-07 22:59:16 - [MESSAGE][PASSED] - Browser is opened with url: 'null'

2022-10-07 22:59:16 - [TEST_STEP][PASSED] - maximizeWindow(): Current window maximized

2022-10-07 22:59:16 - [MESSAGE][PASSED] - Current window maximized

2022-10-07 22:59:16 - [TEST_STEP][PASSED] - Start listener action : sampleAfterTestCase: Browser is closed

2022-10-07 22:59:16 - [TEST_STEP][PASSED] - if (!(getTestCaseStatus().equalsIgnoreCase("PASSED"))): Browser is closed

2022-10-07 22:59:16 - [TEST_STEP][PASSED] - takeScreenshot(): Taking screenshot successfully

2022-10-07 22:59:17 - [MESSAGE][PASSED] - Taking screenshot successfully
[[ATTACHMENT|/Users/nhu.tqnguyen/Documents/QUALITY ENGINEERING - SOURCE/LastCode_QE Automation/katalon-platform-qengineer-automation/Reports/20221007_225758/Change Password/20221007_225758/1665158356867.png]]

2022-10-07 22:59:17 - [TEST_STEP][PASSED] - closeBrowser(): Browser is closed

2022-10-07 22:59:17 - [MESSAGE][PASSED] - Browser is closed

2022-10-07 22:59:17 - [TEST_STEP][PASSED] - closeBrowser(): Browser is closed

2022-10-07 22:59:17 - [MESSAGE][PASSED] - Browser is closed]]></system-out>
         <system-err><![CDATA[2022-10-07 22:59:15 - [TEST_CASE][ERROR] - Test Cases/MyAdmin/Profile/KO-3215 Verify change password failed: Test Cases/MyAdmin/Profile/KO-3215 Verify change password failed FAILED.
Reason:
org.codehaus.groovy.control.MultipleCompilationErrorsException: startup failed:
file:/Users/nhu.tqnguyen/Documents/QUALITY%20ENGINEERING%20-%20SOURCE/LastCode_QE%20Automation/katalon-platform-qengineer-automation/Scripts/MyAdmin/Profile/KO-3215%20Verify%20change%20password%20failed/Script1664699021746.groovy: 18: unable to resolve class katalon.common.ChangePasswordPopup
 @ line 18, column 1.
   import katalon.common.ChangePasswordPopup
   ^

file:/Users/nhu.tqnguyen/Documents/QUALITY%20ENGINEERING%20-%20SOURCE/LastCode_QE%20Automation/katalon-platform-qengineer-automation/Scripts/MyAdmin/Profile/KO-3215%20Verify%20change%20password%20failed/Script1664699021746.groovy: 17: unable to resolve class katalon.common.ProfilePage
 @ line 17, column 1.
   import katalon.common.ProfilePage
   ^

2 errors

	at com.kms.katalon.core.main.ScriptEngine.getScript(ScriptEngine.java:199)
	at com.kms.katalon.core.main.ScriptEngine.run(ScriptEngine.java:194)
	at com.kms.katalon.core.main.ScriptEngine.runScriptAsRawText(ScriptEngine.java:119)
	at com.kms.katalon.core.main.TestCaseExecutor.runScript(TestCaseExecutor.java:448)
	at com.kms.katalon.core.main.TestCaseExecutor.doExecute(TestCaseExecutor.java:439)
	at com.kms.katalon.core.main.TestCaseExecutor.processExecutionPhase(TestCaseExecutor.java:418)
	at com.kms.katalon.core.main.TestCaseExecutor.accessMainPhase(TestCaseExecutor.java:410)
	at com.kms.katalon.core.main.TestCaseExecutor.execute(TestCaseExecutor.java:285)
	at com.kms.katalon.core.main.TestCaseExecutor.execute(TestCaseExecutor.java:369)
	at com.kms.katalon.core.main.TestCaseExecutor.execute(TestCaseExecutor.java:369)
	at com.kms.katalon.core.main.TestCaseExecutor.execute(TestCaseExecutor.java:369)
	at com.kms.katalon.core.common.CommonExecutor.accessTestCaseMainPhase(CommonExecutor.java:65)
	at com.kms.katalon.core.main.TestSuiteExecutor.accessTestSuiteMainPhase(TestSuiteExecutor.java:151)
	at com.kms.katalon.core.main.TestSuiteExecutor.execute(TestSuiteExecutor.java:106)
	at com.kms.katalon.core.main.TestCaseMain.startTestSuite(TestCaseMain.java:185)
	at com.kms.katalon.core.main.TestCaseMain$startTestSuite$0.call(Unknown Source)
	at TempTestSuite1665158278242.run(TempTestSuite1665158278242.groovy:36)]]></system-err>
      </testcase>
      <testcase name="Test Cases/MyAdmin/Profile/KO-3215 Verify change password failed" time="1.925" classname="Test Cases/MyAdmin/Profile/KO-3215 Verify change password failed" status="ERROR">
         <error type="ERROR" message="Test Cases/MyAdmin/Profile/KO-3215 Verify change password failed FAILED.
Reason:
org.codehaus.groovy.control.MultipleCompilationErrorsException: startup failed:
file:/Users/nhu.tqnguyen/Documents/QUALITY%20ENGINEERING%20-%20SOURCE/LastCode_QE%20Automation/katalon-platform-qengineer-automation/Scripts/MyAdmin/Profile/KO-3215%20Verify%20change%20password%20failed/Script1664699021746.groovy: 18: unable to resolve class katalon.common.ChangePasswordPopup
 @ line 18, column 1.
   import katalon.common.ChangePasswordPopup
   ^

file:/Users/nhu.tqnguyen/Documents/QUALITY%20ENGINEERING%20-%20SOURCE/LastCode_QE%20Automation/katalon-platform-qengineer-automation/Scripts/MyAdmin/Profile/KO-3215%20Verify%20change%20password%20failed/Script1664699021746.groovy: 17: unable to resolve class katalon.common.ProfilePage
 @ line 17, column 1.
   import katalon.common.ProfilePage
   ^

2 errors

	at com.kms.katalon.core.main.ScriptEngine.getScript(ScriptEngine.java:199)
	at com.kms.katalon.core.main.ScriptEngine.run(ScriptEngine.java:194)
	at com.kms.katalon.core.main.ScriptEngine.runScriptAsRawText(ScriptEngine.java:119)
	at com.kms.katalon.core.main.TestCaseExecutor.runScript(TestCaseExecutor.java:448)
	at com.kms.katalon.core.main.TestCaseExecutor.doExecute(TestCaseExecutor.java:439)
	at com.kms.katalon.core.main.TestCaseExecutor.processExecutionPhase(TestCaseExecutor.java:418)
	at com.kms.katalon.core.main.TestCaseExecutor.accessMainPhase(TestCaseExecutor.java:410)
	at com.kms.katalon.core.main.TestCaseExecutor.execute(TestCaseExecutor.java:285)
	at com.kms.katalon.core.main.TestCaseExecutor.execute(TestCaseExecutor.java:369)
	at com.kms.katalon.core.main.TestCaseExecutor.execute(TestCaseExecutor.java:369)
	at com.kms.katalon.core.main.TestCaseExecutor.execute(TestCaseExecutor.java:369)
	at com.kms.katalon.core.common.CommonExecutor.accessTestCaseMainPhase(CommonExecutor.java:65)
	at com.kms.katalon.core.main.TestSuiteExecutor.accessTestSuiteMainPhase(TestSuiteExecutor.java:151)
	at com.kms.katalon.core.main.TestSuiteExecutor.execute(TestSuiteExecutor.java:106)
	at com.kms.katalon.core.main.TestCaseMain.startTestSuite(TestCaseMain.java:185)
	at com.kms.katalon.core.main.TestCaseMain$startTestSuite$0.call(Unknown Source)
	at TempTestSuite1665158278242.run(TempTestSuite1665158278242.groovy:36)
"/>
         <system-out><![CDATA[2022-10-07 22:59:23 - [TEST_CASE][ERROR] - Test Cases/MyAdmin/Profile/KO-3215 Verify change password failed: Test Cases/MyAdmin/Profile/KO-3215 Verify change password failed FAILED.
Reason:
org.codehaus.groovy.control.MultipleCompilationErrorsException: startup failed:
file:/Users/nhu.tqnguyen/Documents/QUALITY%20ENGINEERING%20-%20SOURCE/LastCode_QE%20Automation/katalon-platform-qengineer-automation/Scripts/MyAdmin/Profile/KO-3215%20Verify%20change%20password%20failed/Script1664699021746.groovy: 18: unable to resolve class katalon.common.ChangePasswordPopup
 @ line 18, column 1.
   import katalon.common.ChangePasswordPopup
   ^

file:/Users/nhu.tqnguyen/Documents/QUALITY%20ENGINEERING%20-%20SOURCE/LastCode_QE%20Automation/katalon-platform-qengineer-automation/Scripts/MyAdmin/Profile/KO-3215%20Verify%20change%20password%20failed/Script1664699021746.groovy: 17: unable to resolve class katalon.common.ProfilePage
 @ line 17, column 1.
   import katalon.common.ProfilePage
   ^

2 errors

	at com.kms.katalon.core.main.ScriptEngine.getScript(ScriptEngine.java:199)
	at com.kms.katalon.core.main.ScriptEngine.run(ScriptEngine.java:194)
	at com.kms.katalon.core.main.ScriptEngine.runScriptAsRawText(ScriptEngine.java:119)
	at com.kms.katalon.core.main.TestCaseExecutor.runScript(TestCaseExecutor.java:448)
	at com.kms.katalon.core.main.TestCaseExecutor.doExecute(TestCaseExecutor.java:439)
	at com.kms.katalon.core.main.TestCaseExecutor.processExecutionPhase(TestCaseExecutor.java:418)
	at com.kms.katalon.core.main.TestCaseExecutor.accessMainPhase(TestCaseExecutor.java:410)
	at com.kms.katalon.core.main.TestCaseExecutor.execute(TestCaseExecutor.java:285)
	at com.kms.katalon.core.main.TestCaseExecutor.execute(TestCaseExecutor.java:369)
	at com.kms.katalon.core.main.TestCaseExecutor.execute(TestCaseExecutor.java:369)
	at com.kms.katalon.core.main.TestCaseExecutor.execute(TestCaseExecutor.java:369)
	at com.kms.katalon.core.common.CommonExecutor.accessTestCaseMainPhase(CommonExecutor.java:65)
	at com.kms.katalon.core.main.TestSuiteExecutor.accessTestSuiteMainPhase(TestSuiteExecutor.java:151)
	at com.kms.katalon.core.main.TestSuiteExecutor.execute(TestSuiteExecutor.java:106)
	at com.kms.katalon.core.main.TestCaseMain.startTestSuite(TestCaseMain.java:185)
	at com.kms.katalon.core.main.TestCaseMain$startTestSuite$0.call(Unknown Source)
	at TempTestSuite1665158278242.run(TempTestSuite1665158278242.groovy:36)


2022-10-07 22:59:23 - [TEST_STEP][PASSED] - Start listener action : sampleBeforeTestCase: Current window maximized

2022-10-07 22:59:23 - [TEST_STEP][PASSED] - openBrowser(null): Browser is opened with url: 'null'

2022-10-07 22:59:23 - [MESSAGE][INFO] - Starting 'Chrome' driver

2022-10-07 22:59:23 - [MESSAGE][INFO] - Action delay is set to 0 milliseconds

2022-10-07 22:59:24 - [MESSAGE][PASSED] - Browser is opened with url: 'null'

2022-10-07 22:59:24 - [TEST_STEP][PASSED] - maximizeWindow(): Current window maximized

2022-10-07 22:59:24 - [MESSAGE][PASSED] - Current window maximized

2022-10-07 22:59:24 - [TEST_STEP][PASSED] - Start listener action : sampleAfterTestCase: Browser is closed

2022-10-07 22:59:24 - [TEST_STEP][PASSED] - if (!(getTestCaseStatus().equalsIgnoreCase("PASSED"))): Browser is closed

2022-10-07 22:59:24 - [TEST_STEP][PASSED] - takeScreenshot(): Taking screenshot successfully

2022-10-07 22:59:25 - [MESSAGE][PASSED] - Taking screenshot successfully
[[ATTACHMENT|/Users/nhu.tqnguyen/Documents/QUALITY ENGINEERING - SOURCE/LastCode_QE Automation/katalon-platform-qengineer-automation/Reports/20221007_225758/Change Password/20221007_225758/1665158364887.png]]

2022-10-07 22:59:25 - [TEST_STEP][PASSED] - closeBrowser(): Browser is closed

2022-10-07 22:59:25 - [MESSAGE][PASSED] - Browser is closed

2022-10-07 22:59:25 - [TEST_STEP][PASSED] - closeBrowser(): Browser is closed

2022-10-07 22:59:25 - [MESSAGE][PASSED] - Browser is closed]]></system-out>
         <system-err><![CDATA[2022-10-07 22:59:23 - [TEST_CASE][ERROR] - Test Cases/MyAdmin/Profile/KO-3215 Verify change password failed: Test Cases/MyAdmin/Profile/KO-3215 Verify change password failed FAILED.
Reason:
org.codehaus.groovy.control.MultipleCompilationErrorsException: startup failed:
file:/Users/nhu.tqnguyen/Documents/QUALITY%20ENGINEERING%20-%20SOURCE/LastCode_QE%20Automation/katalon-platform-qengineer-automation/Scripts/MyAdmin/Profile/KO-3215%20Verify%20change%20password%20failed/Script1664699021746.groovy: 18: unable to resolve class katalon.common.ChangePasswordPopup
 @ line 18, column 1.
   import katalon.common.ChangePasswordPopup
   ^

file:/Users/nhu.tqnguyen/Documents/QUALITY%20ENGINEERING%20-%20SOURCE/LastCode_QE%20Automation/katalon-platform-qengineer-automation/Scripts/MyAdmin/Profile/KO-3215%20Verify%20change%20password%20failed/Script1664699021746.groovy: 17: unable to resolve class katalon.common.ProfilePage
 @ line 17, column 1.
   import katalon.common.ProfilePage
   ^

2 errors

	at com.kms.katalon.core.main.ScriptEngine.getScript(ScriptEngine.java:199)
	at com.kms.katalon.core.main.ScriptEngine.run(ScriptEngine.java:194)
	at com.kms.katalon.core.main.ScriptEngine.runScriptAsRawText(ScriptEngine.java:119)
	at com.kms.katalon.core.main.TestCaseExecutor.runScript(TestCaseExecutor.java:448)
	at com.kms.katalon.core.main.TestCaseExecutor.doExecute(TestCaseExecutor.java:439)
	at com.kms.katalon.core.main.TestCaseExecutor.processExecutionPhase(TestCaseExecutor.java:418)
	at com.kms.katalon.core.main.TestCaseExecutor.accessMainPhase(TestCaseExecutor.java:410)
	at com.kms.katalon.core.main.TestCaseExecutor.execute(TestCaseExecutor.java:285)
	at com.kms.katalon.core.main.TestCaseExecutor.execute(TestCaseExecutor.java:369)
	at com.kms.katalon.core.main.TestCaseExecutor.execute(TestCaseExecutor.java:369)
	at com.kms.katalon.core.main.TestCaseExecutor.execute(TestCaseExecutor.java:369)
	at com.kms.katalon.core.common.CommonExecutor.accessTestCaseMainPhase(CommonExecutor.java:65)
	at com.kms.katalon.core.main.TestSuiteExecutor.accessTestSuiteMainPhase(TestSuiteExecutor.java:151)
[...]
	at com.kms.katalon.core.main.TestCaseExecutor.execute(TestCaseExecutor.java:285)
	at com.kms.katalon.core.main.TestCaseExecutor.execute(TestCaseExecutor.java:369)
	at com.kms.katalon.core.main.TestCaseExecutor.execute(TestCaseExecutor.java:369)
	at com.kms.katalon.core.main.TestCaseExecutor.execute(TestCaseExecutor.java:369)
	at com.kms.katalon.core.common.CommonExecutor.accessTestCaseMainPhase(CommonExecutor.java:65)
	at com.kms.katalon.core.main.TestSuiteExecutor.accessTestSuiteMainPhase(TestSuiteExecutor.java:151)
	at com.kms.katalon.core.main.TestSuiteExecutor.execute(TestSuiteExecutor.java:106)
	at com.kms.katalon.core.main.TestCaseMain.startTestSuite(TestCaseMain.java:185)
	at com.kms.katalon.core.main.TestCaseMain$startTestSuite$0.call(Unknown Source)
	at TempTestSuite1665158278242.run(TempTestSuite1665158278242.groovy:36)
"/>
         <system-out><![CDATA[2022-10-07 23:02:36 - [TEST_CASE][ERROR] - Test Cases/MyAdmin/Profile/KO-3215 Verify change password failed: Test Cases/MyAdmin/Profile/KO-3215 Verify change password failed FAILED.
Reason:
org.codehaus.groovy.control.MultipleCompilationErrorsException: startup failed:
file:/Users/nhu.tqnguyen/Documents/QUALITY%20ENGINEERING%20-%20SOURCE/LastCode_QE%20Automation/katalon-platform-qengineer-automation/Scripts/MyAdmin/Profile/KO-3215%20Verify%20change%20password%20failed/Script1664699021746.groovy: 18: unable to resolve class katalon.common.ChangePasswordPopup
 @ line 18, column 1.
   import katalon.common.ChangePasswordPopup
   ^

file:/Users/nhu.tqnguyen/Documents/QUALITY%20ENGINEERING%20-%20SOURCE/LastCode_QE%20Automation/katalon-platform-qengineer-automation/Scripts/MyAdmin/Profile/KO-3215%20Verify%20change%20password%20failed/Script1664699021746.groovy: 17: unable to resolve class katalon.common.ProfilePage
 @ line 17, column 1.
   import katalon.common.ProfilePage
   ^

2 errors

	at com.kms.katalon.core.main.ScriptEngine.getScript(ScriptEngine.java:199)
	at com.kms.katalon.core.main.ScriptEngine.run(ScriptEngine.java:194)
	at com.kms.katalon.core.main.ScriptEngine.runScriptAsRawText(ScriptEngine.java:119)
	at com.kms.katalon.core.main.TestCaseExecutor.runScript(TestCaseExecutor.java:448)
	at com.kms.katalon.core.main.TestCaseExecutor.doExecute(TestCaseExecutor.java:439)
	at com.kms.katalon.core.main.TestCaseExecutor.processExecutionPhase(TestCaseExecutor.java:418)
	at com.kms.katalon.core.main.TestCaseExecutor.accessMainPhase(TestCaseExecutor.java:410)
	at com.kms.katalon.core.main.TestCaseExecutor.execute(TestCaseExecutor.java:285)
	at com.kms.katalon.core.main.TestCaseExecutor.execute(TestCaseExecutor.java:369)
	at com.kms.katalon.core.main.TestCaseExecutor.execute(TestCaseExecutor.java:369)
	at com.kms.katalon.core.main.TestCaseExecutor.execute(TestCaseExecutor.java:369)
	at com.kms.katalon.core.common.CommonExecutor.accessTestCaseMainPhase(CommonExecutor.java:65)
	at com.kms.katalon.core.main.TestSuiteExecutor.accessTestSuiteMainPhase(TestSuiteExecutor.java:151)
	at com.kms.katalon.core.main.TestSuiteExecutor.execute(TestSuiteExecutor.java:106)
	at com.kms.katalon.core.main.TestCaseMain.startTestSuite(TestCaseMain.java:185)
	at com.kms.katalon.core.main.TestCaseMain$startTestSuite$0.call(Unknown Source)
	at TempTestSuite1665158278242.run(TempTestSuite1665158278242.groovy:36)


2022-10-07 23:02:36 - [TEST_STEP][PASSED] - Start listener action : sampleBeforeTestCase: Current window maximized

2022-10-07 23:02:36 - [TEST_STEP][PASSED] - openBrowser(null): Browser is opened with url: 'null'

2022-10-07 23:02:36 - [MESSAGE][INFO] - Starting 'Chrome' driver

2022-10-07 23:02:36 - [MESSAGE][INFO] - Action delay is set to 0 milliseconds

2022-10-07 23:02:37 - [MESSAGE][PASSED] - Browser is opened with url: 'null'

2022-10-07 23:02:37 - [TEST_STEP][PASSED] - maximizeWindow(): Current window maximized

2022-10-07 23:02:37 - [MESSAGE][PASSED] - Current window maximized

2022-10-07 23:02:37 - [TEST_STEP][PASSED] - Start listener action : sampleAfterTestCase: Browser is closed

2022-10-07 23:02:37 - [TEST_STEP][PASSED] - if (!(getTestCaseStatus().equalsIgnoreCase("PASSED"))): Browser is closed

2022-10-07 23:02:37 - [TEST_STEP][PASSED] - takeScreenshot(): Taking screenshot successfully

2022-10-07 23:02:38 - [MESSAGE][PASSED] - Taking screenshot successfully
[[ATTACHMENT|/Users/nhu.tqnguyen/Documents/QUALITY ENGINEERING - SOURCE/LastCode_QE Automation/katalon-platform-qengineer-automation/Reports/20221007_225758/Change Password/20221007_225758/1665158557778.png]]

2022-10-07 23:02:38 - [TEST_STEP][PASSED] - closeBrowser(): Browser is closed

2022-10-07 23:02:38 - [MESSAGE][PASSED] - Browser is closed

2022-10-07 23:02:38 - [TEST_STEP][PASSED] - closeBrowser(): Browser is closed

2022-10-07 23:02:38 - [MESSAGE][PASSED] - Browser is closed]]></system-out>
         <system-err><![CDATA[2022-10-07 23:02:36 - [TEST_CASE][ERROR] - Test Cases/MyAdmin/Profile/KO-3215 Verify change password failed: Test Cases/MyAdmin/Profile/KO-3215 Verify change password failed FAILED.
Reason:
org.codehaus.groovy.control.MultipleCompilationErrorsException: startup failed:
file:/Users/nhu.tqnguyen/Documents/QUALITY%20ENGINEERING%20-%20SOURCE/LastCode_QE%20Automation/katalon-platform-qengineer-automation/Scripts/MyAdmin/Profile/KO-3215%20Verify%20change%20password%20failed/Script1664699021746.groovy: 18: unable to resolve class katalon.common.ChangePasswordPopup
 @ line 18, column 1.
   import katalon.common.ChangePasswordPopup
   ^

file:/Users/nhu.tqnguyen/Documents/QUALITY%20ENGINEERING%20-%20SOURCE/LastCode_QE%20Automation/katalon-platform-qengineer-automation/Scripts/MyAdmin/Profile/KO-3215%20Verify%20change%20password%20failed/Script1664699021746.groovy: 17: unable to resolve class katalon.common.ProfilePage
 @ line 17, column 1.
   import katalon.common.ProfilePage
   ^

2 errors

	at com.kms.katalon.core.main.ScriptEngine.getScript(ScriptEngine.java:199)
	at com.kms.katalon.core.main.ScriptEngine.run(ScriptEngine.java:194)
	at com.kms.katalon.core.main.ScriptEngine.runScriptAsRawText(ScriptEngine.java:119)
	at com.kms.katalon.core.main.TestCaseExecutor.runScript(TestCaseExecutor.java:448)
	at com.kms.katalon.core.main.TestCaseExecutor.doExecute(TestCaseExecutor.java:439)
	at com.kms.katalon.core.main.TestCaseExecutor.processExecutionPhase(TestCaseExecutor.java:418)
	at com.kms.katalon.core.main.TestCaseExecutor.accessMainPhase(TestCaseExecutor.java:410)
	at com.kms.katalon.core.main.TestCaseExecutor.execute(TestCaseExecutor.java:285)
	at com.kms.katalon.core.main.TestCaseExecutor.execute(TestCaseExecutor.java:369)
	at com.kms.katalon.core.main.TestCaseExecutor.execute(TestCaseExecutor.java:369)
	at com.kms.katalon.core.main.TestCaseExecutor.execute(TestCaseExecutor.java:369)
	at com.kms.katalon.core.common.CommonExecutor.accessTestCaseMainPhase(CommonExecutor.java:65)
	at com.kms.katalon.core.main.TestSuiteExecutor.accessTestSuiteMainPhase(TestSuiteExecutor.java:151)
	at com.kms.katalon.core.main.TestSuiteExecutor.execute(TestSuiteExecutor.java:106)
	at com.kms.katalon.core.main.TestCaseMain.startTestSuite(TestCaseMain.java:185)
	at com.kms.katalon.core.main.TestCaseMain$startTestSuite$0.call(Unknown Source)
	at TempTestSuite1665158278242.run(TempTestSuite1665158278242.groovy:36)]]></system-err>
      </testcase>
      <testcase name="Test Cases/MyAdmin/Profile/KO-3215 Verify change password failed" time="1.798" classname="Test Cases/MyAdmin/Profile/KO-3215 Verify change password failed" status="ERROR">
         <error type="ERROR" message="Test Cases/MyAdmin/Profile/KO-3215 Verify change password failed FAILED.
Reason:
org.codehaus.groovy.control.MultipleCompilationErrorsException: startup failed:
file:/Users/nhu.tqnguyen/Documents/QUALITY%20ENGINEERING%20-%20SOURCE/LastCode_QE%20Automation/katalon-platform-qengineer-automation/Scripts/MyAdmin/Profile/KO-3215%20Verify%20change%20password%20failed/Script1664699021746.groovy: 18: unable to resolve class katalon.common.ChangePasswordPopup
 @ line 18, column 1.
   import katalon.common.ChangePasswordPopup
   ^

file:/Users/nhu.tqnguyen/Documents/QUALITY%20ENGINEERING%20-%20SOURCE/LastCode_QE%20Automation/katalon-platform-qengineer-automation/Scripts/MyAdmin/Profile/KO-3215%20Verify%20change%20password%20failed/Script1664699021746.groovy: 17: unable to resolve class katalon.common.ProfilePage
 @ line 17, column 1.
   import katalon.common.ProfilePage
   ^

2 errors

	at com.kms.katalon.core.main.ScriptEngine.getScript(ScriptEngine.java:199)
	at com.kms.katalon.core.main.ScriptEngine.run(ScriptEngine.java:194)
	at com.kms.katalon.core.main.ScriptEngine.runScriptAsRawText(ScriptEngine.java:119)
	at com.kms.katalon.core.main.TestCaseExecutor.runScript(TestCaseExecutor.java:448)
	at com.kms.katalon.core.main.TestCaseExecutor.doExecute(TestCaseExecutor.java:439)
	at com.kms.katalon.core.main.TestCaseExecutor.processExecutionPhase(TestCaseExecutor.java:418)
	at com.kms.katalon.core.main.TestCaseExecutor.accessMainPhase(TestCaseExecutor.java:410)
	at com.kms.katalon.core.main.TestCaseExecutor.execute(TestCaseExecutor.java:285)
	at com.kms.katalon.core.main.TestCaseExecutor.execute(TestCaseExecutor.java:369)
	at com.kms.katalon.core.main.TestCaseExecutor.execute(TestCaseExecutor.java:369)
	at com.kms.katalon.core.main.TestCaseExecutor.execute(TestCaseExecutor.java:369)
	at com.kms.katalon.core.common.CommonExecutor.accessTestCaseMainPhase(CommonExecutor.java:65)
	at com.kms.katalon.core.main.TestSuiteExecutor.accessTestSuiteMainPhase(TestSuiteExecutor.java:151)
	at com.kms.katalon.core.main.TestSuiteExecutor.execute(TestSuiteExecutor.java:106)
	at com.kms.katalon.core.main.TestCaseMain.startTestSuite(TestCaseMain.java:185)
	at com.kms.katalon.core.main.TestCaseMain$startTestSuite$0.call(Unknown Source)
	at TempTestSuite1665158278242.run(TempTestSuite1665158278242.groovy:36)
"/>
         <system-out><![CDATA[2022-10-07 23:04:42 - [TEST_CASE][ERROR] - Test Cases/MyAdmin/Profile/KO-3215 Verify change password failed: Test Cases/MyAdmin/Profile/KO-3215 Verify change password failed FAILED.
Reason:
org.codehaus.groovy.control.MultipleCompilationErrorsException: startup failed:
file:/Users/nhu.tqnguyen/Documents/QUALITY%20ENGINEERING%20-%20SOURCE/LastCode_QE%20Automation/katalon-platform-qengineer-automation/Scripts/MyAdmin/Profile/KO-3215%20Verify%20change%20password%20failed/Script1664699021746.groovy: 18: unable to resolve class katalon.common.ChangePasswordPopup
 @ line 18, column 1.
   import katalon.common.ChangePasswordPopup
   ^

file:/Users/nhu.tqnguyen/Documents/QUALITY%20ENGINEERING%20-%20SOURCE/LastCode_QE%20Automation/katalon-platform-qengineer-automation/Scripts/MyAdmin/Profile/KO-3215%20Verify%20change%20password%20failed/Script1664699021746.groovy: 17: unable to resolve class katalon.common.ProfilePage
 @ line 17, column 1.
   import katalon.common.ProfilePage
   ^

2 errors

	at com.kms.katalon.core.main.ScriptEngine.getScript(ScriptEngine.java:199)
	at com.kms.katalon.core.main.ScriptEngine.run(ScriptEngine.java:194)
	at com.kms.katalon.core.main.ScriptEngine.runScriptAsRawText(ScriptEngine.java:119)
	at com.kms.katalon.core.main.TestCaseExecutor.runScript(TestCaseExecutor.java:448)
	at com.kms.katalon.core.main.TestCaseExecutor.doExecute(TestCaseExecutor.java:439)
	at com.kms.katalon.core.main.TestCaseExecutor.processExecutionPhase(TestCaseExecutor.java:418)
	at com.kms.katalon.core.main.TestCaseExecutor.accessMainPhase(TestCaseExecutor.java:410)
	at com.kms.katalon.core.main.TestCaseExecutor.execute(TestCaseExecutor.java:285)
	at com.kms.katalon.core.main.TestCaseExecutor.execute(TestCaseExecutor.java:369)
	at com.kms.katalon.core.main.TestCaseExecutor.execute(TestCaseExecutor.java:369)
	at com.kms.katalon.core.main.TestCaseExecutor.execute(TestCaseExecutor.java:369)
	at com.kms.katalon.core.common.CommonExecutor.accessTestCaseMainPhase(CommonExecutor.java:65)
	at com.kms.katalon.core.main.TestSuiteExecutor.accessTestSuiteMainPhase(TestSuiteExecutor.java:151)
	at com.kms.katalon.core.main.TestSuiteExecutor.execute(TestSuiteExecutor.java:106)
	at com.kms.katalon.core.main.TestCaseMain.startTestSuite(TestCaseMain.java:185)
	at com.kms.katalon.core.main.TestCaseMain$startTestSuite$0.call(Unknown Source)
	at TempTestSuite1665158278242.run(TempTestSuite1665158278242.groovy:36)


2022-10-07 23:04:42 - [TEST_STEP][PASSED] - Start listener action : sampleBeforeTestCase: Current window maximized

2022-10-07 23:04:42 - [TEST_STEP][PASSED] - openBrowser(null): Browser is opened with url: 'null'

2022-10-07 23:04:42 - [MESSAGE][INFO] - Starting 'Chrome' driver

2022-10-07 23:04:42 - [MESSAGE][INFO] - Action delay is set to 0 milliseconds

2022-10-07 23:04:43 - [MESSAGE][PASSED] - Browser is opened with url: 'null'

2022-10-07 23:04:43 - [TEST_STEP][PASSED] - maximizeWindow(): Current window maximized

2022-10-07 23:04:44 - [MESSAGE][PASSED] - Current window maximized

2022-10-07 23:04:44 - [TEST_STEP][PASSED] - Start listener action : sampleAfterTestCase: Browser is closed

2022-10-07 23:04:44 - [TEST_STEP][PASSED] - if (!(getTestCaseStatus().equalsIgnoreCase("PASSED"))): Browser is closed

2022-10-07 23:04:44 - [TEST_STEP][PASSED] - takeScreenshot(): Taking screenshot successfully

2022-10-07 23:04:44 - [MESSAGE][PASSED] - Taking screenshot successfully
[[ATTACHMENT|/Users/nhu.tqnguyen/Documents/QUALITY ENGINEERING - SOURCE/LastCode_QE Automation/katalon-platform-qengineer-automation/Reports/20221007_225758/Change Password/20221007_225758/1665158684160.png]]

2022-10-07 23:04:44 - [TEST_STEP][PASSED] - closeBrowser(): Browser is closed

2022-10-07 23:04:44 - [MESSAGE][PASSED] - Browser is closed

2022-10-07 23:04:44 - [TEST_STEP][PASSED] - closeBrowser(): Browser is closed

2022-10-07 23:04:44 - [MESSAGE][PASSED] - Browser is closed]]></system-out>
         <system-err><![CDATA[2022-10-07 23:04:42 - [TEST_CASE][ERROR] - Test Cases/MyAdmin/Profile/KO-3215 Verify change password failed: Test Cases/MyAdmin/Profile/KO-3215 Verify change password failed FAILED.
Reason:
org.codehaus.groovy.control.MultipleCompilationErrorsException: startup failed:
file:/Users/nhu.tqnguyen/Documents/QUALITY%20ENGINEERING%20-%20SOURCE/LastCode_QE%20Automation/katalon-platform-qengineer-automation/Scripts/MyAdmin/Profile/KO-3215%20Verify%20change%20password%20failed/Script1664699021746.groovy: 18: unable to resolve class katalon.common.ChangePasswordPopup
 @ line 18, column 1.
   import katalon.common.ChangePasswordPopup
   ^

file:/Users/nhu.tqnguyen/Documents/QUALITY%20ENGINEERING%20-%20SOURCE/LastCode_QE%20Automation/katalon-platform-qengineer-automation/Scripts/MyAdmin/Profile/KO-3215%20Verify%20change%20password%20failed/Script1664699021746.groovy: 17: unable to resolve class katalon.common.ProfilePage
 @ line 17, column 1.
   import katalon.common.ProfilePage
   ^

2 errors

	at com.kms.katalon.core.main.ScriptEngine.getScript(ScriptEngine.java:199)
	at com.kms.katalon.core.main.ScriptEngine.run(ScriptEngine.java:194)
	at com.kms.katalon.core.main.ScriptEngine.runScriptAsRawText(ScriptEngine.java:119)
	at com.kms.katalon.core.main.TestCaseExecutor.runScript(TestCaseExecutor.java:448)
	at com.kms.katalon.core.main.TestCaseExecutor.doExecute(TestCaseExecutor.java:439)
	at com.kms.katalon.core.main.TestCaseExecutor.processExecutionPhase(TestCaseExecutor.java:418)
	at com.kms.katalon.core.main.TestCaseExecutor.accessMainPhase(TestCaseExecutor.java:410)
	at com.kms.katalon.core.main.TestCaseExecutor.execute(TestCaseExecutor.java:285)
	at com.kms.katalon.core.main.TestCaseExecutor.execute(TestCaseExecutor.java:369)
	at com.kms.katalon.core.main.TestCaseExecutor.execute(TestCaseExecutor.java:369)
	at com.kms.katalon.core.main.TestCaseExecutor.execute(TestCaseExecutor.java:369)
	at com.kms.katalon.core.common.CommonExecutor.accessTestCaseMainPhase(CommonExecutor.java:65)
	at com.kms.katalon.core.main.TestSuiteExecutor.accessTestSuiteMainPhase(TestSuiteExecutor.java:151)
	at com.kms.katalon.core.main.TestSuiteExecutor.execute(TestSuiteExecutor.java:106)
	at com.kms.katalon.core.main.TestCaseMain.startTestSuite(TestCaseMain.java:185)
	at com.kms.katalon.core.main.TestCaseMain$startTestSuite$0.call(Unknown Source)
	at TempTestSuite1665158278242.run(TempTestSuite1665158278242.groovy:36)]]></system-err>
      </testcase>
      <system-out><![CDATA[2022-10-07 22:58:08 - [TEST_SUITE][ERROR] - Change Password: Test Cases/MyAdmin/Profile/KO-3214 Verify change password successfully FAILED.
Reason:
org.codehaus.groovy.control.MultipleCompilationErrorsException: startup failed:
file:/Users/nhu.tqnguyen/Documents/QUALITY%20ENGINEERING%20-%20SOURCE/LastCode_QE%20Automation/katalon-platform-qengineer-automation/Scripts/MyAdmin/Profile/KO-3214%20Verify%20change%20password%20successfully/Script1665054504862.groovy: 17: unable to resolve class katalon.common.ProfilePage
 @ line 17, column 1.
   import katalon.common.ProfilePage
   ^

1 error

	at com.kms.katalon.core.main.ScriptEngine.getScript(ScriptEngine.java:199)
	at com.kms.katalon.core.main.ScriptEngine.run(ScriptEngine.java:194)
	at com.kms.katalon.core.main.ScriptEngine.runScriptAsRawText(ScriptEngine.java:119)
	at com.kms.katalon.core.main.TestCaseExecutor.runScript(TestCaseExecutor.java:448)
	at com.kms.katalon.core.main.TestCaseExecutor.doExecute(TestCaseExecutor.java:439)
	at com.kms.katalon.core.main.TestCaseExecutor.processExecutionPhase(TestCaseExecutor.java:418)
	at com.kms.katalon.core.main.TestCaseExecutor.accessMainPhase(TestCaseExecutor.java:410)
	at com.kms.katalon.core.main.TestCaseExecutor.execute(TestCaseExecutor.java:285)
	at com.kms.katalon.core.common.CommonExecutor.accessTestCaseMainPhase(CommonExecutor.java:65)
	at com.kms.katalon.core.main.TestSuiteExecutor.accessTestSuiteMainPhase(TestSuiteExecutor.java:151)
	at com.kms.katalon.core.main.TestSuiteExecutor.execute(TestSuiteExecutor.java:106)
	at com.kms.katalon.core.main.TestCaseMain.startTestSuite(TestCaseMain.java:185)
	at com.kms.katalon.core.main.TestCaseMain$startTestSuite$0.call(Unknown Source)
	at TempTestSuite1665158278242.run(TempTestSuite1665158278242.groovy:36)]]></system-out>
      <system-err><![CDATA[2022-10-07 22:58:08 - [TEST_SUITE][ERROR] - Change Password: Test Cases/MyAdmin/Profile/KO-3214 Verify change password successfully FAILED.
Reason:
org.codehaus.groovy.control.MultipleCompilationErrorsException: startup failed:
file:/Users/nhu.tqnguyen/Documents/QUALITY%20ENGINEERING%20-%20SOURCE/LastCode_QE%20Automation/katalon-platform-qengineer-automation/Scripts/MyAdmin/Profile/KO-3214%20Verify%20change%20password%20successfully/Script1665054504862.groovy: 17: unable to resolve class katalon.common.ProfilePage
 @ line 17, column 1.
   import katalon.common.ProfilePage
   ^

1 error

	at com.kms.katalon.core.main.ScriptEngine.getScript(ScriptEngine.java:199)
	at com.kms.katalon.core.main.ScriptEngine.run(ScriptEngine.java:194)
	at com.kms.katalon.core.main.ScriptEngine.runScriptAsRawText(ScriptEngine.java:119)
	at com.kms.katalon.core.main.TestCaseExecutor.runScript(TestCaseExecutor.java:448)
	at com.kms.katalon.core.main.TestCaseExecutor.doExecute(TestCaseExecutor.java:439)
	at com.kms.katalon.core.main.TestCaseExecutor.processExecutionPhase(TestCaseExecutor.java:418)
	at com.kms.katalon.core.main.TestCaseExecutor.accessMainPhase(TestCaseExecutor.java:410)
	at com.kms.katalon.core.main.TestCaseExecutor.execute(TestCaseExecutor.java:285)
	at com.kms.katalon.core.common.CommonExecutor.accessTestCaseMainPhase(CommonExecutor.java:65)
	at com.kms.katalon.core.main.TestSuiteExecutor.accessTestSuiteMainPhase(TestSuiteExecutor.java:151)
	at com.kms.katalon.core.main.TestSuiteExecutor.execute(TestSuiteExecutor.java:106)
	at com.kms.katalon.core.main.TestCaseMain.startTestSuite(TestCaseMain.java:185)
	at com.kms.katalon.core.main.TestCaseMain$startTestSuite$0.call(Unknown Source)
	at TempTestSuite1665158278242.run(TempTestSuite1665158278242.groovy:36)]]></system-err>
   </testsuite>
</testsuites>
