<?xml version="1.0" encoding="UTF-8"?>
<testsuite xmlns:xsi="http://www.w3.org/2001/XMLSchema-instance" xsi:noNamespaceSchemaLocation="https://maven.apache.org/surefire/maven-surefire-plugin/xsd/surefire-test-report.xsd" name="com.katalon.testops.junit.CalculatorJunit4Test" time="0.018" tests="13" errors="6" skipped="1" failures="1">
  <properties>
[...]
</properties>
  <testcase name="divideByZeroError3" classname="com.katalon.testops.junit.CalculatorJunit4Test" time="0.014">
    <error message="Divisor cannot be zero." type="java.lang.IllegalArgumentException">java.lang.IllegalArgumentException: Divisor cannot be zero.
	at com.katalon.testops.junit.CalculatorJunit4Test.divideByZeroError3(CalculatorJunit4Test.java:71)
</error>
    <system-err><![CDATA[[pool-1-thread-4] INFO com.katalon.testops.junit.reporter.TestRunManager - testStarted: divideByZeroError3
]]></system-err>
  </testcase>
  <testcase name="divideByZeroError2" classname="com.katalon.testops.junit.CalculatorJunit4Test" time="0.007">
    <error message="Divisor cannot be zero." type="java.lang.IllegalArgumentException">java.lang.IllegalArgumentException: Divisor cannot be zero.
	at com.katalon.testops.junit.CalculatorJunit4Test.divideByZeroError2(CalculatorJunit4Test.java:61)
</error>
    <system-err><![CDATA[[pool-1-thread-25] INFO com.katalon.testops.junit.reporter.TestRunManager - testStarted: divideByZeroError2
]]></system-err>
  </testcase>
  <testcase name="multiply" classname="com.katalon.testops.junit.CalculatorJunit4Test" time="0.013"/>
  <testcase name="add" classname="com.katalon.testops.junit.CalculatorJunit4Test" time="0.005"/>
  <testcase name="divideByZeroIncomplete" classname="com.katalon.testops.junit.CalculatorJunit4Test" time="0">
    <skipped message="okie"/>
  </testcase>
  <testcase name="divide" classname="com.katalon.testops.junit.CalculatorJunit4Test" time="0.002"/>
  <testcase name="divideByZeroError" classname="com.katalon.testops.junit.CalculatorJunit4Test" time="0.01">
    <error message="Divisor cannot be zero." type="java.lang.IllegalArgumentException">java.lang.IllegalArgumentException: Divisor cannot be zero.
	at com.katalon.testops.junit.CalculatorJunit4Test.divideByZeroError(CalculatorJunit4Test.java:56)
</error>
    <system-err><![CDATA[[pool-1-thread-26] INFO com.katalon.testops.junit.reporter.TestRunManager - testStarted: divideByZeroError
]]></system-err>
  </testcase>
  <testcase name="divideByZeroPassed" classname="com.katalon.testops.junit.CalculatorJunit4Test" time="0.01"/>
  <testcase name="subtract" classname="com.katalon.testops.junit.CalculatorJunit4Test" time="0.01"/>
  <testcase name="divideByZeroFailed" classname="com.katalon.testops.junit.CalculatorJunit4Test" time="0.003">
    <failure message="unexpected exception type thrown; expected:&lt;java.lang.IllegalStateException&gt; but was:&lt;java.lang.IllegalArgumentException&gt;" type="java.lang.AssertionError"><![CDATA[java.lang.AssertionError: unexpected exception type thrown; expected:<java.lang.IllegalStateException> but was:<java.lang.IllegalArgumentException>
	at com.katalon.testops.junit.CalculatorJunit4Test.divideByZeroFailed(CalculatorJunit4Test.java:49)
Caused by: java.lang.IllegalArgumentException: Divisor cannot be zero.
	at com.katalon.testops.junit.CalculatorJunit4Test.lambda$divideByZeroFailed$0(CalculatorJunit4Test.java:50)
	at com.katalon.testops.junit.CalculatorJunit4Test.divideByZeroFailed(CalculatorJunit4Test.java:49)
]]></failure>
    <system-err><![CDATA[[pool-1-thread-6] INFO com.katalon.testops.junit.reporter.TestRunManager - testStarted: divideByZeroFailed
]]></system-err>
  </testcase>
  <testcase name="divideByZeroError6" classname="com.katalon.testops.junit.CalculatorJunit4Test" time="0.001">
    <error message="Divisor cannot be zero." type="java.lang.IllegalArgumentException">java.lang.IllegalArgumentException: Divisor cannot be zero.
	at com.katalon.testops.junit.CalculatorJunit4Test.divideByZeroError6(CalculatorJunit4Test.java:66)
</error>
    <system-err><![CDATA[[pool-1-thread-10] INFO com.katalon.testops.junit.reporter.TestRunManager - testStarted: divideByZeroError6
]]></system-err>
  </testcase>
  <testcase name="divideByZeroError5" classname="com.katalon.testops.junit.CalculatorJunit4Test" time="0">
    <error message="Divisor cannot be zero." type="java.lang.IllegalArgumentException">java.lang.IllegalArgumentException: Divisor cannot be zero.
	at com.katalon.testops.junit.CalculatorJunit4Test.divideByZeroError5(CalculatorJunit4Test.java:81)
</error>
    <system-err><![CDATA[[pool-1-thread-19] INFO com.katalon.testops.junit.reporter.TestRunManager - testStarted: divideByZeroError5
]]></system-err>
  </testcase>
  <testcase name="divideByZeroError4" classname="com.katalon.testops.junit.CalculatorJunit4Test" time="0.008">
    <error message="Divisor cannot be zero." type="java.lang.IllegalArgumentException">java.lang.IllegalArgumentException: Divisor cannot be zero.
	at com.katalon.testops.junit.CalculatorJunit4Test.divideByZeroError4(CalculatorJunit4Test.java:76)
</error>
    <system-err><![CDATA[[pool-1-thread-21] INFO com.katalon.testops.junit.reporter.TestRunManager - testStarted: divideByZeroError4
]]></system-err>
  </testcase>
</testsuite>